{"C:\\Users\\bahar\\group11project\\backend\\app.js": {"path":"C:\\Users\\bahar\\group11project\\backend\\app.js","statementMap":{"0":{"start":{"line":3,"column":16},"end":{"line":3,"column":34}},"1":{"start":{"line":4,"column":13},"end":{"line":4,"column":28}},"2":{"start":{"line":6,"column":26},"end":{"line":6,"column":57}},"3":{"start":{"line":7,"column":20},"end":{"line":7,"column":51}},"4":{"start":{"line":8,"column":27},"end":{"line":8,"column":65}},"5":{"start":{"line":9,"column":27},"end":{"line":9,"column":65}},"6":{"start":{"line":10,"column":20},"end":{"line":10,"column":51}},"7":{"start":{"line":13,"column":12},"end":{"line":13,"column":21}},"8":{"start":{"line":16,"column":0},"end":{"line":16,"column":16}},"9":{"start":{"line":17,"column":0},"end":{"line":17,"column":24}},"10":{"start":{"line":20,"column":0},"end":{"line":20,"column":48}},"11":{"start":{"line":21,"column":0},"end":{"line":21,"column":35}},"12":{"start":{"line":22,"column":0},"end":{"line":22,"column":45}},"13":{"start":{"line":23,"column":0},"end":{"line":23,"column":50}},"14":{"start":{"line":24,"column":0},"end":{"line":24,"column":36}},"15":{"start":{"line":27,"column":0},"end":{"line":29,"column":3}},"16":{"start":{"line":28,"column":2},"end":{"line":28,"column":83}},"17":{"start":{"line":32,"column":0},"end":{"line":37,"column":1}},"18":{"start":{"line":33,"column":15},"end":{"line":33,"column":39}},"19":{"start":{"line":34,"column":2},"end":{"line":36,"column":5}},"20":{"start":{"line":35,"column":4},"end":{"line":35,"column":58}},"21":{"start":{"line":39,"column":0},"end":{"line":39,"column":21}}},"fnMap":{"0":{"name":"(anonymous_0)","decl":{"start":{"line":27,"column":8},"end":{"line":27,"column":9}},"loc":{"start":{"line":27,"column":33},"end":{"line":29,"column":1}},"line":27},"1":{"name":"(anonymous_1)","decl":{"start":{"line":34,"column":19},"end":{"line":34,"column":20}},"loc":{"start":{"line":34,"column":25},"end":{"line":36,"column":3}},"line":34}},"branchMap":{"0":{"loc":{"start":{"line":28,"column":13},"end":{"line":28,"column":30}},"type":"binary-expr","locations":[{"start":{"line":28,"column":13},"end":{"line":28,"column":23}},{"start":{"line":28,"column":27},"end":{"line":28,"column":30}}],"line":28},"1":{"loc":{"start":{"line":28,"column":46},"end":{"line":28,"column":79}},"type":"binary-expr","locations":[{"start":{"line":28,"column":46},"end":{"line":28,"column":57}},{"start":{"line":28,"column":61},"end":{"line":28,"column":79}}],"line":28},"2":{"loc":{"start":{"line":32,"column":0},"end":{"line":37,"column":1}},"type":"if","locations":[{"start":{"line":32,"column":0},"end":{"line":37,"column":1}},{"start":{},"end":{}}],"line":32},"3":{"loc":{"start":{"line":33,"column":15},"end":{"line":33,"column":39}},"type":"binary-expr","locations":[{"start":{"line":33,"column":15},"end":{"line":33,"column":31}},{"start":{"line":33,"column":35},"end":{"line":33,"column":39}}],"line":33}},"s":{"0":2,"1":2,"2":2,"3":2,"4":2,"5":2,"6":2,"7":2,"8":2,"9":2,"10":2,"11":2,"12":2,"13":2,"14":2,"15":2,"16":2,"17":2,"18":0,"19":0,"20":0,"21":2},"f":{"0":2,"1":0},"b":{"0":[2,0],"1":[2,0],"2":[0,2],"3":[0,0]},"_coverageSchema":"1a1c01bbd47fc00a2c39e90264f33305004495a9","hash":"fa9826e1c72044fb9f640d35334a1751f2206607"}
,"C:\\Users\\bahar\\group11project\\backend\\controllers\\eventController.js": {"path":"C:\\Users\\bahar\\group11project\\backend\\controllers\\eventController.js","statementMap":{"0":{"start":{"line":1,"column":26},"end":{"line":1,"column":65}},"1":{"start":{"line":4,"column":13},"end":{"line":27,"column":1}},"2":{"start":{"line":30,"column":2},"end":{"line":30,"column":19}},"3":{"start":{"line":34,"column":27},"end":{"line":34,"column":50}},"4":{"start":{"line":35,"column":2},"end":{"line":38,"column":3}},"5":{"start":{"line":36,"column":4},"end":{"line":36,"column":23}},"6":{"start":{"line":37,"column":4},"end":{"line":37,"column":23}},"7":{"start":{"line":39,"column":19},"end":{"line":39,"column":100}},"8":{"start":{"line":40,"column":2},"end":{"line":40,"column":24}},"9":{"start":{"line":41,"column":2},"end":{"line":41,"column":33}},"10":{"start":{"line":45,"column":18},"end":{"line":45,"column":45}},"11":{"start":{"line":46,"column":14},"end":{"line":46,"column":53}},"12":{"start":{"line":46,"column":36},"end":{"line":46,"column":52}},"13":{"start":{"line":47,"column":2},"end":{"line":49,"column":3}},"14":{"start":{"line":48,"column":4},"end":{"line":48,"column":62}},"15":{"start":{"line":50,"column":27},"end":{"line":50,"column":50}},"16":{"start":{"line":51,"column":2},"end":{"line":54,"column":3}},"17":{"start":{"line":52,"column":4},"end":{"line":52,"column":23}},"18":{"start":{"line":53,"column":4},"end":{"line":53,"column":23}},"19":{"start":{"line":55,"column":2},"end":{"line":55,"column":45}},"20":{"start":{"line":56,"column":2},"end":{"line":56,"column":24}},"21":{"start":{"line":60,"column":18},"end":{"line":60,"column":45}},"22":{"start":{"line":61,"column":14},"end":{"line":61,"column":53}},"23":{"start":{"line":61,"column":36},"end":{"line":61,"column":52}},"24":{"start":{"line":62,"column":2},"end":{"line":64,"column":3}},"25":{"start":{"line":63,"column":4},"end":{"line":63,"column":62}},"26":{"start":{"line":65,"column":18},"end":{"line":65,"column":39}},"27":{"start":{"line":66,"column":2},"end":{"line":66,"column":23}},"28":{"start":{"line":69,"column":0},"end":{"line":69,"column":70}}},"fnMap":{"0":{"name":"getEvents","decl":{"start":{"line":29,"column":9},"end":{"line":29,"column":18}},"loc":{"start":{"line":29,"column":29},"end":{"line":31,"column":1}},"line":29},"1":{"name":"createEvent","decl":{"start":{"line":33,"column":9},"end":{"line":33,"column":20}},"loc":{"start":{"line":33,"column":37},"end":{"line":42,"column":1}},"line":33},"2":{"name":"updateEvent","decl":{"start":{"line":44,"column":9},"end":{"line":44,"column":20}},"loc":{"start":{"line":44,"column":37},"end":{"line":57,"column":1}},"line":44},"3":{"name":"(anonymous_3)","decl":{"start":{"line":46,"column":31},"end":{"line":46,"column":32}},"loc":{"start":{"line":46,"column":36},"end":{"line":46,"column":52}},"line":46},"4":{"name":"deleteEvent","decl":{"start":{"line":59,"column":9},"end":{"line":59,"column":20}},"loc":{"start":{"line":59,"column":31},"end":{"line":67,"column":1}},"line":59},"5":{"name":"(anonymous_5)","decl":{"start":{"line":61,"column":31},"end":{"line":61,"column":32}},"loc":{"start":{"line":61,"column":36},"end":{"line":61,"column":52}},"line":61}},"branchMap":{"0":{"loc":{"start":{"line":35,"column":2},"end":{"line":38,"column":3}},"type":"if","locations":[{"start":{"line":35,"column":2},"end":{"line":38,"column":3}},{"start":{},"end":{}}],"line":35},"1":{"loc":{"start":{"line":47,"column":2},"end":{"line":49,"column":3}},"type":"if","locations":[{"start":{"line":47,"column":2},"end":{"line":49,"column":3}},{"start":{},"end":{}}],"line":47},"2":{"loc":{"start":{"line":51,"column":2},"end":{"line":54,"column":3}},"type":"if","locations":[{"start":{"line":51,"column":2},"end":{"line":54,"column":3}},{"start":{},"end":{}}],"line":51},"3":{"loc":{"start":{"line":62,"column":2},"end":{"line":64,"column":3}},"type":"if","locations":[{"start":{"line":62,"column":2},"end":{"line":64,"column":3}},{"start":{},"end":{}}],"line":62}},"s":{"0":2,"1":2,"2":1,"3":4,"4":4,"5":1,"6":1,"7":3,"8":3,"9":3,"10":1,"11":1,"12":4,"13":1,"14":0,"15":1,"16":1,"17":0,"18":0,"19":1,"20":1,"21":1,"22":1,"23":5,"24":1,"25":0,"26":1,"27":1,"28":2},"f":{"0":1,"1":4,"2":1,"3":4,"4":1,"5":5},"b":{"0":[1,3],"1":[0,1],"2":[0,1],"3":[0,1]},"_coverageSchema":"1a1c01bbd47fc00a2c39e90264f33305004495a9","hash":"6933913634b014d64ec94250f7f82ae7afa7f618"}
,"C:\\Users\\bahar\\group11project\\backend\\controllers\\loginController.js": {"path":"C:\\Users\\bahar\\group11project\\backend\\controllers\\loginController.js","statementMap":{"0":{"start":{"line":4,"column":14},"end":{"line":7,"column":1}},"1":{"start":{"line":10,"column":30},"end":{"line":10,"column":38}},"2":{"start":{"line":11,"column":15},"end":{"line":11,"column":76}},"3":{"start":{"line":11,"column":31},"end":{"line":11,"column":75}},"4":{"start":{"line":12,"column":2},"end":{"line":14,"column":3}},"5":{"start":{"line":13,"column":4},"end":{"line":13,"column":74}},"6":{"start":{"line":16,"column":2},"end":{"line":16,"column":78}},"7":{"start":{"line":19,"column":0},"end":{"line":19,"column":34}}},"fnMap":{"0":{"name":"login","decl":{"start":{"line":9,"column":9},"end":{"line":9,"column":14}},"loc":{"start":{"line":9,"column":25},"end":{"line":17,"column":1}},"line":9},"1":{"name":"(anonymous_1)","decl":{"start":{"line":11,"column":26},"end":{"line":11,"column":27}},"loc":{"start":{"line":11,"column":31},"end":{"line":11,"column":75}},"line":11}},"branchMap":{"0":{"loc":{"start":{"line":11,"column":31},"end":{"line":11,"column":75}},"type":"binary-expr","locations":[{"start":{"line":11,"column":31},"end":{"line":11,"column":48}},{"start":{"line":11,"column":52},"end":{"line":11,"column":75}}],"line":11},"1":{"loc":{"start":{"line":12,"column":2},"end":{"line":14,"column":3}},"type":"if","locations":[{"start":{"line":12,"column":2},"end":{"line":14,"column":3}},{"start":{},"end":{}}],"line":12}},"s":{"0":5,"1":5,"2":5,"3":9,"4":5,"5":4,"6":1,"7":5},"f":{"0":5,"1":9},"b":{"0":[9,3],"1":[4,1]},"_coverageSchema":"1a1c01bbd47fc00a2c39e90264f33305004495a9","hash":"3dafabc15df59ffee5f8f0e96c91f9cda766f0f2"}
,"C:\\Users\\bahar\\group11project\\backend\\controllers\\notificationController.js": {"path":"C:\\Users\\bahar\\group11project\\backend\\controllers\\notificationController.js","statementMap":{"0":{"start":{"line":2,"column":20},"end":{"line":6,"column":1}},"1":{"start":{"line":9,"column":18},"end":{"line":9,"column":46}},"2":{"start":{"line":13,"column":2},"end":{"line":18,"column":7}},"3":{"start":{"line":14,"column":22},"end":{"line":14,"column":67}},"4":{"start":{"line":16,"column":19},"end":{"line":16,"column":55}},"5":{"start":{"line":16,"column":35},"end":{"line":16,"column":54}},"6":{"start":{"line":17,"column":6},"end":{"line":17,"column":47}},"7":{"start":{"line":22,"column":2},"end":{"line":27,"column":7}},"8":{"start":{"line":23,"column":22},"end":{"line":23,"column":67}},"9":{"start":{"line":25,"column":19},"end":{"line":25,"column":55}},"10":{"start":{"line":25,"column":35},"end":{"line":25,"column":54}},"11":{"start":{"line":26,"column":6},"end":{"line":26,"column":43}},"12":{"start":{"line":31,"column":15},"end":{"line":33,"column":1}},"13":{"start":{"line":36,"column":2},"end":{"line":36,"column":44}},"14":{"start":{"line":41,"column":32},"end":{"line":41,"column":40}},"15":{"start":{"line":43,"column":2},"end":{"line":45,"column":3}},"16":{"start":{"line":44,"column":4},"end":{"line":44,"column":81}},"17":{"start":{"line":46,"column":2},"end":{"line":48,"column":3}},"18":{"start":{"line":46,"column":62},"end":{"line":46,"column":111}},"19":{"start":{"line":47,"column":4},"end":{"line":47,"column":85}},"20":{"start":{"line":49,"column":2},"end":{"line":51,"column":3}},"21":{"start":{"line":50,"column":4},"end":{"line":50,"column":83}},"22":{"start":{"line":52,"column":14},"end":{"line":58,"column":3}},"23":{"start":{"line":59,"column":2},"end":{"line":59,"column":21}},"24":{"start":{"line":60,"column":2},"end":{"line":60,"column":57}},"25":{"start":{"line":66,"column":18},"end":{"line":66,"column":46}},"26":{"start":{"line":67,"column":17},"end":{"line":67,"column":32}},"27":{"start":{"line":68,"column":16},"end":{"line":68,"column":50}},"28":{"start":{"line":68,"column":33},"end":{"line":68,"column":49}},"29":{"start":{"line":69,"column":2},"end":{"line":69,"column":74}},"30":{"start":{"line":69,"column":14},"end":{"line":69,"column":74}},"31":{"start":{"line":70,"column":16},"end":{"line":70,"column":64}},"32":{"start":{"line":70,"column":37},"end":{"line":70,"column":63}},"33":{"start":{"line":71,"column":2},"end":{"line":71,"column":30}},"34":{"start":{"line":75,"column":17},"end":{"line":75,"column":44}},"35":{"start":{"line":76,"column":28},"end":{"line":76,"column":74}},"36":{"start":{"line":76,"column":54},"end":{"line":76,"column":73}},"37":{"start":{"line":77,"column":2},"end":{"line":77,"column":42}},"38":{"start":{"line":81,"column":17},"end":{"line":81,"column":27}},"39":{"start":{"line":82,"column":14},"end":{"line":82,"column":65}},"40":{"start":{"line":82,"column":43},"end":{"line":82,"column":64}},"41":{"start":{"line":83,"column":2},"end":{"line":83,"column":85}},"42":{"start":{"line":83,"column":18},"end":{"line":83,"column":85}},"43":{"start":{"line":84,"column":18},"end":{"line":84,"column":46}},"44":{"start":{"line":85,"column":2},"end":{"line":85,"column":86}},"45":{"start":{"line":89,"column":34},"end":{"line":89,"column":42}},"46":{"start":{"line":90,"column":2},"end":{"line":90,"column":93}},"47":{"start":{"line":90,"column":34},"end":{"line":90,"column":93}},"48":{"start":{"line":91,"column":26},"end":{"line":91,"column":79}},"49":{"start":{"line":92,"column":2},"end":{"line":92,"column":38}},"50":{"start":{"line":93,"column":2},"end":{"line":93,"column":89}},"51":{"start":{"line":96,"column":0},"end":{"line":103,"column":2}}},"fnMap":{"0":{"name":"getVolunteersList","decl":{"start":{"line":11,"column":9},"end":{"line":11,"column":26}},"loc":{"start":{"line":11,"column":29},"end":{"line":19,"column":1}},"line":11},"1":{"name":"(anonymous_1)","decl":{"start":{"line":14,"column":9},"end":{"line":14,"column":10}},"loc":{"start":{"line":14,"column":22},"end":{"line":14,"column":67}},"line":14},"2":{"name":"(anonymous_2)","decl":{"start":{"line":15,"column":12},"end":{"line":15,"column":13}},"loc":{"start":{"line":15,"column":17},"end":{"line":18,"column":5}},"line":15},"3":{"name":"(anonymous_3)","decl":{"start":{"line":16,"column":30},"end":{"line":16,"column":31}},"loc":{"start":{"line":16,"column":35},"end":{"line":16,"column":54}},"line":16},"4":{"name":"getAdminsList","decl":{"start":{"line":21,"column":9},"end":{"line":21,"column":22}},"loc":{"start":{"line":21,"column":25},"end":{"line":28,"column":1}},"line":21},"5":{"name":"(anonymous_5)","decl":{"start":{"line":23,"column":9},"end":{"line":23,"column":10}},"loc":{"start":{"line":23,"column":22},"end":{"line":23,"column":67}},"line":23},"6":{"name":"(anonymous_6)","decl":{"start":{"line":24,"column":12},"end":{"line":24,"column":13}},"loc":{"start":{"line":24,"column":17},"end":{"line":27,"column":5}},"line":24},"7":{"name":"(anonymous_7)","decl":{"start":{"line":25,"column":30},"end":{"line":25,"column":31}},"loc":{"start":{"line":25,"column":35},"end":{"line":25,"column":54}},"line":25},"8":{"name":"getVolunteers","decl":{"start":{"line":35,"column":9},"end":{"line":35,"column":22}},"loc":{"start":{"line":35,"column":33},"end":{"line":37,"column":1}},"line":35},"9":{"name":"sendMessage","decl":{"start":{"line":40,"column":9},"end":{"line":40,"column":20}},"loc":{"start":{"line":40,"column":31},"end":{"line":61,"column":1}},"line":40},"10":{"name":"(anonymous_10)","decl":{"start":{"line":46,"column":57},"end":{"line":46,"column":58}},"loc":{"start":{"line":46,"column":62},"end":{"line":46,"column":111}},"line":46},"11":{"name":"getAdminInbox","decl":{"start":{"line":64,"column":9},"end":{"line":64,"column":22}},"loc":{"start":{"line":64,"column":33},"end":{"line":72,"column":1}},"line":64},"12":{"name":"(anonymous_12)","decl":{"start":{"line":68,"column":28},"end":{"line":68,"column":29}},"loc":{"start":{"line":68,"column":33},"end":{"line":68,"column":49}},"line":68},"13":{"name":"(anonymous_13)","decl":{"start":{"line":70,"column":32},"end":{"line":70,"column":33}},"loc":{"start":{"line":70,"column":37},"end":{"line":70,"column":63}},"line":70},"14":{"name":"getUserNotifications","decl":{"start":{"line":74,"column":9},"end":{"line":74,"column":29}},"loc":{"start":{"line":74,"column":40},"end":{"line":78,"column":1}},"line":74},"15":{"name":"(anonymous_15)","decl":{"start":{"line":76,"column":49},"end":{"line":76,"column":50}},"loc":{"start":{"line":76,"column":54},"end":{"line":76,"column":73}},"line":76},"16":{"name":"deleteNotification","decl":{"start":{"line":80,"column":9},"end":{"line":80,"column":27}},"loc":{"start":{"line":80,"column":38},"end":{"line":86,"column":1}},"line":80},"17":{"name":"(anonymous_17)","decl":{"start":{"line":82,"column":38},"end":{"line":82,"column":39}},"loc":{"start":{"line":82,"column":43},"end":{"line":82,"column":64}},"line":82},"18":{"name":"addNotification","decl":{"start":{"line":88,"column":9},"end":{"line":88,"column":24}},"loc":{"start":{"line":88,"column":35},"end":{"line":94,"column":1}},"line":88}},"branchMap":{"0":{"loc":{"start":{"line":17,"column":13},"end":{"line":17,"column":46}},"type":"binary-expr","locations":[{"start":{"line":17,"column":13},"end":{"line":17,"column":17}},{"start":{"line":17,"column":21},"end":{"line":17,"column":46}}],"line":17},"1":{"loc":{"start":{"line":26,"column":13},"end":{"line":26,"column":42}},"type":"binary-expr","locations":[{"start":{"line":26,"column":13},"end":{"line":26,"column":17}},{"start":{"line":26,"column":21},"end":{"line":26,"column":42}}],"line":26},"2":{"loc":{"start":{"line":43,"column":2},"end":{"line":45,"column":3}},"type":"if","locations":[{"start":{"line":43,"column":2},"end":{"line":45,"column":3}},{"start":{},"end":{}}],"line":43},"3":{"loc":{"start":{"line":43,"column":6},"end":{"line":43,"column":71}},"type":"binary-expr","locations":[{"start":{"line":43,"column":6},"end":{"line":43,"column":11}},{"start":{"line":43,"column":15},"end":{"line":43,"column":39}},{"start":{"line":43,"column":43},"end":{"line":43,"column":71}}],"line":43},"4":{"loc":{"start":{"line":46,"column":2},"end":{"line":48,"column":3}},"type":"if","locations":[{"start":{"line":46,"column":2},"end":{"line":48,"column":3}},{"start":{},"end":{}}],"line":46},"5":{"loc":{"start":{"line":46,"column":6},"end":{"line":46,"column":112}},"type":"binary-expr","locations":[{"start":{"line":46,"column":6},"end":{"line":46,"column":24}},{"start":{"line":46,"column":28},"end":{"line":46,"column":43}},{"start":{"line":46,"column":47},"end":{"line":46,"column":112}}],"line":46},"6":{"loc":{"start":{"line":46,"column":62},"end":{"line":46,"column":111}},"type":"binary-expr","locations":[{"start":{"line":46,"column":62},"end":{"line":46,"column":83}},{"start":{"line":46,"column":87},"end":{"line":46,"column":111}}],"line":46},"7":{"loc":{"start":{"line":49,"column":2},"end":{"line":51,"column":3}},"type":"if","locations":[{"start":{"line":49,"column":2},"end":{"line":51,"column":3}},{"start":{},"end":{}}],"line":49},"8":{"loc":{"start":{"line":49,"column":6},"end":{"line":49,"column":92}},"type":"binary-expr","locations":[{"start":{"line":49,"column":6},"end":{"line":49,"column":14}},{"start":{"line":49,"column":18},"end":{"line":49,"column":45}},{"start":{"line":49,"column":49},"end":{"line":49,"column":67}},{"start":{"line":49,"column":71},"end":{"line":49,"column":92}}],"line":49},"9":{"loc":{"start":{"line":69,"column":2},"end":{"line":69,"column":74}},"type":"if","locations":[{"start":{"line":69,"column":2},"end":{"line":69,"column":74}},{"start":{},"end":{}}],"line":69},"10":{"loc":{"start":{"line":83,"column":2},"end":{"line":83,"column":85}},"type":"if","locations":[{"start":{"line":83,"column":2},"end":{"line":83,"column":85}},{"start":{},"end":{}}],"line":83},"11":{"loc":{"start":{"line":90,"column":2},"end":{"line":90,"column":93}},"type":"if","locations":[{"start":{"line":90,"column":2},"end":{"line":90,"column":93}},{"start":{},"end":{}}],"line":90},"12":{"loc":{"start":{"line":90,"column":6},"end":{"line":90,"column":32}},"type":"binary-expr","locations":[{"start":{"line":90,"column":6},"end":{"line":90,"column":13}},{"start":{"line":90,"column":17},"end":{"line":90,"column":23}},{"start":{"line":90,"column":27},"end":{"line":90,"column":32}}],"line":90}},"s":{"0":4,"1":4,"2":1,"3":2,"4":2,"5":3,"6":2,"7":2,"8":4,"9":4,"10":6,"11":4,"12":4,"13":1,"14":3,"15":3,"16":1,"17":2,"18":2,"19":0,"20":2,"21":0,"22":2,"23":2,"24":2,"25":2,"26":2,"27":2,"28":2,"29":2,"30":1,"31":1,"32":2,"33":1,"34":3,"35":3,"36":8,"37":3,"38":2,"39":2,"40":4,"41":2,"42":1,"43":1,"44":1,"45":2,"46":2,"47":1,"48":1,"49":1,"50":1,"51":4},"f":{"0":1,"1":2,"2":2,"3":3,"4":2,"5":4,"6":4,"7":6,"8":1,"9":3,"10":2,"11":2,"12":2,"13":2,"14":3,"15":8,"16":2,"17":4,"18":2},"b":{"0":[2,2],"1":[4,4],"2":[1,2],"3":[3,2,2],"4":[0,2],"5":[2,2,2],"6":[2,2],"7":[0,2],"8":[2,2,2,2],"9":[1,1],"10":[1,1],"11":[1,1],"12":[2,2,2]},"_coverageSchema":"1a1c01bbd47fc00a2c39e90264f33305004495a9","hash":"f339924ba70c607efcb42d57d732cbc93cd97ef2"}
,"C:\\Users\\bahar\\group11project\\backend\\controllers\\registrationController.js": {"path":"C:\\Users\\bahar\\group11project\\backend\\controllers\\registrationController.js","statementMap":{"0":{"start":{"line":4,"column":12},"end":{"line":8,"column":1}},"1":{"start":{"line":11,"column":39},"end":{"line":11,"column":47}},"2":{"start":{"line":14,"column":2},"end":{"line":16,"column":3}},"3":{"start":{"line":15,"column":4},"end":{"line":15,"column":79}},"4":{"start":{"line":19,"column":23},"end":{"line":19,"column":63}},"5":{"start":{"line":19,"column":42},"end":{"line":19,"column":62}},"6":{"start":{"line":20,"column":2},"end":{"line":22,"column":3}},"7":{"start":{"line":21,"column":4},"end":{"line":21,"column":68}},"8":{"start":{"line":25,"column":18},"end":{"line":25,"column":37}},"9":{"start":{"line":26,"column":2},"end":{"line":28,"column":3}},"10":{"start":{"line":27,"column":4},"end":{"line":27,"column":30}},"11":{"start":{"line":30,"column":2},"end":{"line":30,"column":22}},"12":{"start":{"line":33,"column":26},"end":{"line":35,"column":41}},"13":{"start":{"line":37,"column":2},"end":{"line":37,"column":68}},"14":{"start":{"line":40,"column":0},"end":{"line":40,"column":34}}},"fnMap":{"0":{"name":"registerUser","decl":{"start":{"line":10,"column":9},"end":{"line":10,"column":21}},"loc":{"start":{"line":10,"column":32},"end":{"line":38,"column":1}},"line":10},"1":{"name":"(anonymous_1)","decl":{"start":{"line":19,"column":34},"end":{"line":19,"column":35}},"loc":{"start":{"line":19,"column":42},"end":{"line":19,"column":62}},"line":19}},"branchMap":{"0":{"loc":{"start":{"line":14,"column":2},"end":{"line":16,"column":3}},"type":"if","locations":[{"start":{"line":14,"column":2},"end":{"line":16,"column":3}},{"start":{},"end":{}}],"line":14},"1":{"loc":{"start":{"line":14,"column":6},"end":{"line":14,"column":25}},"type":"binary-expr","locations":[{"start":{"line":14,"column":6},"end":{"line":14,"column":12}},{"start":{"line":14,"column":16},"end":{"line":14,"column":25}}],"line":14},"2":{"loc":{"start":{"line":20,"column":2},"end":{"line":22,"column":3}},"type":"if","locations":[{"start":{"line":20,"column":2},"end":{"line":22,"column":3}},{"start":{},"end":{}}],"line":20},"3":{"loc":{"start":{"line":26,"column":2},"end":{"line":28,"column":3}},"type":"if","locations":[{"start":{"line":26,"column":2},"end":{"line":28,"column":3}},{"start":{},"end":{}}],"line":26},"4":{"loc":{"start":{"line":26,"column":6},"end":{"line":26,"column":38}},"type":"binary-expr","locations":[{"start":{"line":26,"column":6},"end":{"line":26,"column":13}},{"start":{"line":26,"column":17},"end":{"line":26,"column":38}}],"line":26},"5":{"loc":{"start":{"line":33,"column":26},"end":{"line":35,"column":41}},"type":"cond-expr","locations":[{"start":{"line":34,"column":6},"end":{"line":34,"column":42}},{"start":{"line":35,"column":6},"end":{"line":35,"column":41}}],"line":33},"6":{"loc":{"start":{"line":33,"column":26},"end":{"line":33,"column":58}},"type":"binary-expr","locations":[{"start":{"line":33,"column":26},"end":{"line":33,"column":33}},{"start":{"line":33,"column":37},"end":{"line":33,"column":58}}],"line":33}},"s":{"0":8,"1":5,"2":5,"3":2,"4":3,"5":7,"6":3,"7":1,"8":2,"9":2,"10":1,"11":2,"12":2,"13":2,"14":8},"f":{"0":5,"1":7},"b":{"0":[2,3],"1":[5,4],"2":[1,2],"3":[1,1],"4":[2,1],"5":[1,1],"6":[2,1]},"_coverageSchema":"1a1c01bbd47fc00a2c39e90264f33305004495a9","hash":"718e688099a7e0082bab3256d62c7db490c22458"}
,"C:\\Users\\bahar\\group11project\\backend\\controllers\\userProfileController.js": {"path":"C:\\Users\\bahar\\group11project\\backend\\controllers\\userProfileController.js","statementMap":{"0":{"start":{"line":1,"column":32},"end":{"line":1,"column":77}},"1":{"start":{"line":5,"column":23},"end":{"line":28,"column":1}},"2":{"start":{"line":30,"column":19},"end":{"line":51,"column":1}},"3":{"start":{"line":55,"column":15},"end":{"line":55,"column":65}},"4":{"start":{"line":56,"column":2},"end":{"line":60,"column":3}},"5":{"start":{"line":57,"column":4},"end":{"line":57,"column":27}},"6":{"start":{"line":59,"column":4},"end":{"line":59,"column":31}},"7":{"start":{"line":65,"column":15},"end":{"line":65,"column":65}},"8":{"start":{"line":66,"column":27},"end":{"line":66,"column":56}},"9":{"start":{"line":67,"column":2},"end":{"line":70,"column":3}},"10":{"start":{"line":68,"column":4},"end":{"line":68,"column":23}},"11":{"start":{"line":69,"column":4},"end":{"line":69,"column":23}},"12":{"start":{"line":71,"column":2},"end":{"line":77,"column":3}},"13":{"start":{"line":72,"column":4},"end":{"line":72,"column":49}},"14":{"start":{"line":73,"column":4},"end":{"line":73,"column":27}},"15":{"start":{"line":75,"column":4},"end":{"line":75,"column":57}},"16":{"start":{"line":76,"column":4},"end":{"line":76,"column":31}},"17":{"start":{"line":80,"column":0},"end":{"line":80,"column":55}}},"fnMap":{"0":{"name":"getUserProfile","decl":{"start":{"line":54,"column":9},"end":{"line":54,"column":23}},"loc":{"start":{"line":54,"column":34},"end":{"line":61,"column":1}},"line":54},"1":{"name":"updateUserProfile","decl":{"start":{"line":64,"column":9},"end":{"line":64,"column":26}},"loc":{"start":{"line":64,"column":43},"end":{"line":78,"column":1}},"line":64}},"branchMap":{"0":{"loc":{"start":{"line":55,"column":15},"end":{"line":55,"column":65}},"type":"cond-expr","locations":[{"start":{"line":55,"column":44},"end":{"line":55,"column":51}},{"start":{"line":55,"column":54},"end":{"line":55,"column":65}}],"line":55},"1":{"loc":{"start":{"line":56,"column":2},"end":{"line":60,"column":3}},"type":"if","locations":[{"start":{"line":56,"column":2},"end":{"line":60,"column":3}},{"start":{"line":58,"column":9},"end":{"line":60,"column":3}}],"line":56},"2":{"loc":{"start":{"line":65,"column":15},"end":{"line":65,"column":65}},"type":"cond-expr","locations":[{"start":{"line":65,"column":44},"end":{"line":65,"column":51}},{"start":{"line":65,"column":54},"end":{"line":65,"column":65}}],"line":65},"3":{"loc":{"start":{"line":67,"column":2},"end":{"line":70,"column":3}},"type":"if","locations":[{"start":{"line":67,"column":2},"end":{"line":70,"column":3}},{"start":{},"end":{}}],"line":67},"4":{"loc":{"start":{"line":71,"column":2},"end":{"line":77,"column":3}},"type":"if","locations":[{"start":{"line":71,"column":2},"end":{"line":77,"column":3}},{"start":{"line":74,"column":9},"end":{"line":77,"column":3}}],"line":71}},"s":{"0":2,"1":2,"2":2,"3":1,"4":1,"5":0,"6":1,"7":2,"8":2,"9":2,"10":1,"11":1,"12":1,"13":0,"14":0,"15":1,"16":1,"17":2},"f":{"0":1,"1":2},"b":{"0":[0,1],"1":[0,1],"2":[0,2],"3":[1,1],"4":[0,1]},"_coverageSchema":"1a1c01bbd47fc00a2c39e90264f33305004495a9","hash":"9d32142b50ca6ecb425dc55f854110e906a120bf"}
,"C:\\Users\\bahar\\group11project\\backend\\routes\\eventRoutes.js": {"path":"C:\\Users\\bahar\\group11project\\backend\\routes\\eventRoutes.js","statementMap":{"0":{"start":{"line":1,"column":16},"end":{"line":1,"column":34}},"1":{"start":{"line":2,"column":61},"end":{"line":2,"column":102}},"2":{"start":{"line":4,"column":15},"end":{"line":4,"column":31}},"3":{"start":{"line":7,"column":0},"end":{"line":7,"column":27}},"4":{"start":{"line":10,"column":0},"end":{"line":10,"column":30}},"5":{"start":{"line":13,"column":0},"end":{"line":13,"column":32}},"6":{"start":{"line":16,"column":0},"end":{"line":16,"column":35}},"7":{"start":{"line":18,"column":0},"end":{"line":18,"column":24}}},"fnMap":{},"branchMap":{},"s":{"0":2,"1":2,"2":2,"3":2,"4":2,"5":2,"6":2,"7":2},"f":{},"b":{},"_coverageSchema":"1a1c01bbd47fc00a2c39e90264f33305004495a9","hash":"f103ef29fd6f01b4a58bfaa4359ea2a0f6a837b6"}
,"C:\\Users\\bahar\\group11project\\backend\\routes\\loginRoutes.js": {"path":"C:\\Users\\bahar\\group11project\\backend\\routes\\loginRoutes.js","statementMap":{"0":{"start":{"line":3,"column":16},"end":{"line":3,"column":34}},"1":{"start":{"line":4,"column":18},"end":{"line":4,"column":59}},"2":{"start":{"line":6,"column":15},"end":{"line":6,"column":31}},"3":{"start":{"line":8,"column":0},"end":{"line":8,"column":24}},"4":{"start":{"line":10,"column":0},"end":{"line":10,"column":24}}},"fnMap":{},"branchMap":{},"s":{"0":2,"1":2,"2":2,"3":2,"4":2},"f":{},"b":{},"_coverageSchema":"1a1c01bbd47fc00a2c39e90264f33305004495a9","hash":"f273814731790b0303deb75355807e65fcd58042"}
,"C:\\Users\\bahar\\group11project\\backend\\routes\\notificationRoutes.js": {"path":"C:\\Users\\bahar\\group11project\\backend\\routes\\notificationRoutes.js","statementMap":{"0":{"start":{"line":1,"column":16},"end":{"line":1,"column":34}},"1":{"start":{"line":2,"column":15},"end":{"line":2,"column":31}},"2":{"start":{"line":3,"column":31},"end":{"line":3,"column":79}},"3":{"start":{"line":7,"column":0},"end":{"line":7,"column":64}},"4":{"start":{"line":8,"column":0},"end":{"line":8,"column":68}},"5":{"start":{"line":9,"column":0},"end":{"line":9,"column":65}},"6":{"start":{"line":10,"column":0},"end":{"line":10,"column":57}},"7":{"start":{"line":13,"column":0},"end":{"line":13,"column":60}},"8":{"start":{"line":14,"column":0},"end":{"line":14,"column":77}},"9":{"start":{"line":16,"column":0},"end":{"line":16,"column":24}}},"fnMap":{},"branchMap":{},"s":{"0":2,"1":2,"2":2,"3":2,"4":2,"5":2,"6":2,"7":2,"8":2,"9":2},"f":{},"b":{},"_coverageSchema":"1a1c01bbd47fc00a2c39e90264f33305004495a9","hash":"6fe81fbdd8ae5c9ce36735d196fbe97136070242"}
,"C:\\Users\\bahar\\group11project\\backend\\routes\\registrationRoutes.js": {"path":"C:\\Users\\bahar\\group11project\\backend\\routes\\registrationRoutes.js","statementMap":{"0":{"start":{"line":1,"column":16},"end":{"line":1,"column":34}},"1":{"start":{"line":2,"column":25},"end":{"line":2,"column":73}},"2":{"start":{"line":4,"column":15},"end":{"line":4,"column":31}},"3":{"start":{"line":7,"column":0},"end":{"line":7,"column":31}},"4":{"start":{"line":9,"column":0},"end":{"line":9,"column":24}}},"fnMap":{},"branchMap":{},"s":{"0":2,"1":2,"2":2,"3":2,"4":2},"f":{},"b":{},"_coverageSchema":"1a1c01bbd47fc00a2c39e90264f33305004495a9","hash":"d1bea813ce9f17c0082b2353604d8bbbde4108c6"}
,"C:\\Users\\bahar\\group11project\\backend\\routes\\userProfile.js": {"path":"C:\\Users\\bahar\\group11project\\backend\\routes\\userProfile.js","statementMap":{"0":{"start":{"line":1,"column":16},"end":{"line":1,"column":34}},"1":{"start":{"line":2,"column":46},"end":{"line":2,"column":93}},"2":{"start":{"line":4,"column":15},"end":{"line":4,"column":31}},"3":{"start":{"line":7,"column":0},"end":{"line":7,"column":32}},"4":{"start":{"line":10,"column":0},"end":{"line":10,"column":36}},"5":{"start":{"line":12,"column":0},"end":{"line":12,"column":24}}},"fnMap":{},"branchMap":{},"s":{"0":2,"1":2,"2":2,"3":2,"4":2,"5":2},"f":{},"b":{},"_coverageSchema":"1a1c01bbd47fc00a2c39e90264f33305004495a9","hash":"29c30cd24029cf703bb4c089d42a616b8093548b"}
,"C:\\Users\\bahar\\group11project\\backend\\validators\\eventValidator.js": {"path":"C:\\Users\\bahar\\group11project\\backend\\validators\\eventValidator.js","statementMap":{"0":{"start":{"line":4,"column":17},"end":{"line":4,"column":19}},"1":{"start":{"line":5,"column":16},"end":{"line":5,"column":18}},"2":{"start":{"line":8,"column":2},"end":{"line":14,"column":3}},"3":{"start":{"line":9,"column":4},"end":{"line":9,"column":74}},"4":{"start":{"line":10,"column":9},"end":{"line":14,"column":3}},"5":{"start":{"line":11,"column":4},"end":{"line":11,"column":62}},"6":{"start":{"line":13,"column":4},"end":{"line":13,"column":34}},"7":{"start":{"line":16,"column":2},"end":{"line":20,"column":3}},"8":{"start":{"line":17,"column":4},"end":{"line":17,"column":81}},"9":{"start":{"line":19,"column":4},"end":{"line":19,"column":48}},"10":{"start":{"line":22,"column":2},"end":{"line":26,"column":3}},"11":{"start":{"line":23,"column":4},"end":{"line":23,"column":78}},"12":{"start":{"line":25,"column":4},"end":{"line":25,"column":42}},"13":{"start":{"line":29,"column":2},"end":{"line":35,"column":3}},"14":{"start":{"line":30,"column":4},"end":{"line":30,"column":65}},"15":{"start":{"line":31,"column":9},"end":{"line":35,"column":3}},"16":{"start":{"line":31,"column":45},"end":{"line":31,"column":89}},"17":{"start":{"line":32,"column":4},"end":{"line":32,"column":66}},"18":{"start":{"line":34,"column":4},"end":{"line":34,"column":47}},"19":{"start":{"line":38,"column":25},"end":{"line":38,"column":62}},"20":{"start":{"line":39,"column":2},"end":{"line":43,"column":3}},"21":{"start":{"line":40,"column":4},"end":{"line":40,"column":88}},"22":{"start":{"line":42,"column":4},"end":{"line":42,"column":33}},"23":{"start":{"line":46,"column":2},"end":{"line":50,"column":3}},"24":{"start":{"line":47,"column":4},"end":{"line":47,"column":76}},"25":{"start":{"line":49,"column":4},"end":{"line":49,"column":27}},"26":{"start":{"line":52,"column":2},"end":{"line":54,"column":3}},"27":{"start":{"line":53,"column":4},"end":{"line":53,"column":63}},"28":{"start":{"line":55,"column":2},"end":{"line":55,"column":32}},"29":{"start":{"line":58,"column":0},"end":{"line":58,"column":35}}},"fnMap":{"0":{"name":"validateEvent","decl":{"start":{"line":3,"column":9},"end":{"line":3,"column":22}},"loc":{"start":{"line":3,"column":29},"end":{"line":56,"column":1}},"line":3},"1":{"name":"(anonymous_1)","decl":{"start":{"line":31,"column":40},"end":{"line":31,"column":41}},"loc":{"start":{"line":31,"column":45},"end":{"line":31,"column":89}},"line":31}},"branchMap":{"0":{"loc":{"start":{"line":8,"column":2},"end":{"line":14,"column":3}},"type":"if","locations":[{"start":{"line":8,"column":2},"end":{"line":14,"column":3}},{"start":{"line":10,"column":9},"end":{"line":14,"column":3}}],"line":8},"1":{"loc":{"start":{"line":8,"column":6},"end":{"line":8,"column":70}},"type":"binary-expr","locations":[{"start":{"line":8,"column":6},"end":{"line":8,"column":16}},{"start":{"line":8,"column":20},"end":{"line":8,"column":49}},{"start":{"line":8,"column":53},"end":{"line":8,"column":70}}],"line":8},"2":{"loc":{"start":{"line":10,"column":9},"end":{"line":14,"column":3}},"type":"if","locations":[{"start":{"line":10,"column":9},"end":{"line":14,"column":3}},{"start":{"line":12,"column":9},"end":{"line":14,"column":3}}],"line":10},"3":{"loc":{"start":{"line":16,"column":2},"end":{"line":20,"column":3}},"type":"if","locations":[{"start":{"line":16,"column":2},"end":{"line":20,"column":3}},{"start":{"line":18,"column":9},"end":{"line":20,"column":3}}],"line":16},"4":{"loc":{"start":{"line":16,"column":6},"end":{"line":16,"column":91}},"type":"binary-expr","locations":[{"start":{"line":16,"column":6},"end":{"line":16,"column":23}},{"start":{"line":16,"column":27},"end":{"line":16,"column":63}},{"start":{"line":16,"column":67},"end":{"line":16,"column":91}}],"line":16},"5":{"loc":{"start":{"line":22,"column":2},"end":{"line":26,"column":3}},"type":"if","locations":[{"start":{"line":22,"column":2},"end":{"line":26,"column":3}},{"start":{"line":24,"column":9},"end":{"line":26,"column":3}}],"line":22},"6":{"loc":{"start":{"line":22,"column":6},"end":{"line":22,"column":82}},"type":"binary-expr","locations":[{"start":{"line":22,"column":6},"end":{"line":22,"column":20}},{"start":{"line":22,"column":24},"end":{"line":22,"column":57}},{"start":{"line":22,"column":61},"end":{"line":22,"column":82}}],"line":22},"7":{"loc":{"start":{"line":29,"column":2},"end":{"line":35,"column":3}},"type":"if","locations":[{"start":{"line":29,"column":2},"end":{"line":35,"column":3}},{"start":{"line":31,"column":9},"end":{"line":35,"column":3}}],"line":29},"8":{"loc":{"start":{"line":29,"column":6},"end":{"line":29,"column":77}},"type":"binary-expr","locations":[{"start":{"line":29,"column":6},"end":{"line":29,"column":41}},{"start":{"line":29,"column":45},"end":{"line":29,"column":77}}],"line":29},"9":{"loc":{"start":{"line":31,"column":9},"end":{"line":35,"column":3}},"type":"if","locations":[{"start":{"line":31,"column":9},"end":{"line":35,"column":3}},{"start":{"line":33,"column":9},"end":{"line":35,"column":3}}],"line":31},"10":{"loc":{"start":{"line":31,"column":45},"end":{"line":31,"column":89}},"type":"binary-expr","locations":[{"start":{"line":31,"column":45},"end":{"line":31,"column":66}},{"start":{"line":31,"column":70},"end":{"line":31,"column":89}}],"line":31},"11":{"loc":{"start":{"line":39,"column":2},"end":{"line":43,"column":3}},"type":"if","locations":[{"start":{"line":39,"column":2},"end":{"line":43,"column":3}},{"start":{"line":41,"column":9},"end":{"line":43,"column":3}}],"line":39},"12":{"loc":{"start":{"line":39,"column":6},"end":{"line":39,"column":61}},"type":"binary-expr","locations":[{"start":{"line":39,"column":6},"end":{"line":39,"column":19}},{"start":{"line":39,"column":23},"end":{"line":39,"column":61}}],"line":39},"13":{"loc":{"start":{"line":46,"column":2},"end":{"line":50,"column":3}},"type":"if","locations":[{"start":{"line":46,"column":2},"end":{"line":50,"column":3}},{"start":{"line":48,"column":9},"end":{"line":50,"column":3}}],"line":46},"14":{"loc":{"start":{"line":46,"column":6},"end":{"line":46,"column":91}},"type":"binary-expr","locations":[{"start":{"line":46,"column":6},"end":{"line":46,"column":16}},{"start":{"line":46,"column":20},"end":{"line":46,"column":49}},{"start":{"line":46,"column":53},"end":{"line":46,"column":91}}],"line":46},"15":{"loc":{"start":{"line":52,"column":2},"end":{"line":54,"column":3}},"type":"if","locations":[{"start":{"line":52,"column":2},"end":{"line":54,"column":3}},{"start":{},"end":{}}],"line":52}},"s":{"0":12,"1":12,"2":12,"3":2,"4":10,"5":1,"6":9,"7":12,"8":2,"9":10,"10":12,"11":2,"12":10,"13":12,"14":4,"15":8,"16":8,"17":0,"18":8,"19":12,"20":12,"21":3,"22":9,"23":12,"24":3,"25":9,"26":12,"27":7,"28":5,"29":3},"f":{"0":12,"1":8},"b":{"0":[2,10],"1":[12,10,10],"2":[1,9],"3":[2,10],"4":[12,10,10],"5":[2,10],"6":[12,10,10],"7":[4,8],"8":[12,11],"9":[0,8],"10":[8,8],"11":[3,9],"12":[12,10],"13":[3,9],"14":[12,10,10],"15":[7,5]},"_coverageSchema":"1a1c01bbd47fc00a2c39e90264f33305004495a9","hash":"df69e04ec7f790c0b392d95342e584ffb4229f63"}
,"C:\\Users\\bahar\\group11project\\backend\\validators\\matchByLocation.js": {"path":"C:\\Users\\bahar\\group11project\\backend\\validators\\matchByLocation.js","statementMap":{"0":{"start":{"line":12,"column":18},"end":{"line":17,"column":3}},"1":{"start":{"line":19,"column":15},"end":{"line":24,"column":3}},"2":{"start":{"line":27,"column":15},"end":{"line":27,"column":50}},"3":{"start":{"line":27,"column":20},"end":{"line":27,"column":50}},"4":{"start":{"line":41,"column":21},"end":{"line":41,"column":63}},"5":{"start":{"line":42,"column":18},"end":{"line":42,"column":38}},"6":{"start":{"line":43,"column":4},"end":{"line":43,"column":39}},"7":{"start":{"line":57,"column":22},"end":{"line":57,"column":60}},"8":{"start":{"line":58,"column":20},"end":{"line":58,"column":41}},"9":{"start":{"line":59,"column":4},"end":{"line":59,"column":42}},"10":{"start":{"line":72,"column":21},"end":{"line":72,"column":58}},"11":{"start":{"line":73,"column":23},"end":{"line":73,"column":44}},"12":{"start":{"line":75,"column":21},"end":{"line":75,"column":22}},"13":{"start":{"line":77,"column":4},"end":{"line":81,"column":5}},"14":{"start":{"line":78,"column":6},"end":{"line":80,"column":7}},"15":{"start":{"line":79,"column":8},"end":{"line":79,"column":24}},"16":{"start":{"line":83,"column":37},"end":{"line":83,"column":82}},"17":{"start":{"line":85,"column":4},"end":{"line":85,"column":35}},"18":{"start":{"line":90,"column":21},"end":{"line":90,"column":49}},"19":{"start":{"line":91,"column":22},"end":{"line":91,"column":50}},"20":{"start":{"line":92,"column":25},"end":{"line":92,"column":58}},"21":{"start":{"line":93,"column":18},"end":{"line":93,"column":96}},"22":{"start":{"line":95,"column":4},"end":{"line":95,"column":17}},"23":{"start":{"line":102,"column":2},"end":{"line":102,"column":92}}},"fnMap":{"0":{"name":"(anonymous_0)","decl":{"start":{"line":27,"column":15},"end":{"line":27,"column":16}},"loc":{"start":{"line":27,"column":20},"end":{"line":27,"column":50}},"line":27},"1":{"name":"matchByLocation","decl":{"start":{"line":40,"column":11},"end":{"line":40,"column":26}},"loc":{"start":{"line":40,"column":40},"end":{"line":44,"column":3}},"line":40},"2":{"name":"matchByTimeslot","decl":{"start":{"line":56,"column":11},"end":{"line":56,"column":26}},"loc":{"start":{"line":56,"column":39},"end":{"line":60,"column":3}},"line":56},"3":{"name":"matchBySkills","decl":{"start":{"line":71,"column":11},"end":{"line":71,"column":24}},"loc":{"start":{"line":71,"column":38},"end":{"line":87,"column":3}},"line":71},"4":{"name":"totalMatchPercentage","decl":{"start":{"line":89,"column":11},"end":{"line":89,"column":31}},"loc":{"start":{"line":89,"column":44},"end":{"line":96,"column":3}},"line":89}},"branchMap":{"0":{"loc":{"start":{"line":43,"column":11},"end":{"line":43,"column":38}},"type":"cond-expr","locations":[{"start":{"line":43,"column":33},"end":{"line":43,"column":34}},{"start":{"line":43,"column":37},"end":{"line":43,"column":38}}],"line":43},"1":{"loc":{"start":{"line":59,"column":11},"end":{"line":59,"column":41}},"type":"cond-expr","locations":[{"start":{"line":59,"column":36},"end":{"line":59,"column":37}},{"start":{"line":59,"column":40},"end":{"line":59,"column":41}}],"line":59},"2":{"loc":{"start":{"line":78,"column":6},"end":{"line":80,"column":7}},"type":"if","locations":[{"start":{"line":78,"column":6},"end":{"line":80,"column":7}},{"start":{},"end":{}}],"line":78}},"s":{"0":1,"1":1,"2":1,"3":79,"4":7,"5":7,"6":7,"7":7,"8":7,"9":7,"10":8,"11":8,"12":8,"13":8,"14":22,"15":15,"16":8,"17":8,"18":5,"19":5,"20":5,"21":5,"22":5,"23":1},"f":{"0":79,"1":7,"2":7,"3":8,"4":5},"b":{"0":[4,3],"1":[4,3],"2":[15,7]},"_coverageSchema":"1a1c01bbd47fc00a2c39e90264f33305004495a9","hash":"285bdf17ab59aeb7b7b4c8fe0b18575e9bb738df"}
,"C:\\Users\\bahar\\group11project\\backend\\validators\\userProfileValidator.js": {"path":"C:\\Users\\bahar\\group11project\\backend\\validators\\userProfileValidator.js","statementMap":{"0":{"start":{"line":4,"column":17},"end":{"line":4,"column":19}},"1":{"start":{"line":5,"column":16},"end":{"line":5,"column":18}},"2":{"start":{"line":9,"column":25},"end":{"line":11,"column":3}},"3":{"start":{"line":12,"column":2},"end":{"line":18,"column":5}},"4":{"start":{"line":13,"column":4},"end":{"line":17,"column":5}},"5":{"start":{"line":14,"column":6},"end":{"line":14,"column":74}},"6":{"start":{"line":16,"column":6},"end":{"line":16,"column":40}},"7":{"start":{"line":21,"column":2},"end":{"line":27,"column":3}},"8":{"start":{"line":22,"column":4},"end":{"line":22,"column":56}},"9":{"start":{"line":23,"column":9},"end":{"line":27,"column":3}},"10":{"start":{"line":23,"column":37},"end":{"line":23,"column":81}},"11":{"start":{"line":24,"column":4},"end":{"line":24,"column":57}},"12":{"start":{"line":26,"column":4},"end":{"line":26,"column":31}},"13":{"start":{"line":30,"column":2},"end":{"line":34,"column":3}},"14":{"start":{"line":31,"column":4},"end":{"line":31,"column":65}},"15":{"start":{"line":33,"column":4},"end":{"line":33,"column":43}},"16":{"start":{"line":37,"column":2},"end":{"line":39,"column":3}},"17":{"start":{"line":38,"column":4},"end":{"line":38,"column":41}},"18":{"start":{"line":42,"column":2},"end":{"line":44,"column":3}},"19":{"start":{"line":43,"column":4},"end":{"line":43,"column":57}},"20":{"start":{"line":47,"column":24},"end":{"line":47,"column":48}},"21":{"start":{"line":48,"column":2},"end":{"line":50,"column":3}},"22":{"start":{"line":49,"column":4},"end":{"line":49,"column":69}},"23":{"start":{"line":53,"column":2},"end":{"line":55,"column":3}},"24":{"start":{"line":54,"column":4},"end":{"line":54,"column":48}},"25":{"start":{"line":58,"column":2},"end":{"line":58,"column":81}},"26":{"start":{"line":59,"column":2},"end":{"line":59,"column":43}},"27":{"start":{"line":60,"column":2},"end":{"line":60,"column":43}},"28":{"start":{"line":61,"column":2},"end":{"line":61,"column":41}},"29":{"start":{"line":62,"column":2},"end":{"line":62,"column":55}},"30":{"start":{"line":63,"column":2},"end":{"line":63,"column":66}},"31":{"start":{"line":64,"column":2},"end":{"line":64,"column":63}},"32":{"start":{"line":65,"column":2},"end":{"line":65,"column":83}},"33":{"start":{"line":66,"column":2},"end":{"line":66,"column":81}},"34":{"start":{"line":67,"column":2},"end":{"line":67,"column":47}},"35":{"start":{"line":68,"column":2},"end":{"line":68,"column":104}},"36":{"start":{"line":69,"column":2},"end":{"line":69,"column":53}},"37":{"start":{"line":70,"column":2},"end":{"line":70,"column":39}},"38":{"start":{"line":72,"column":2},"end":{"line":74,"column":3}},"39":{"start":{"line":73,"column":4},"end":{"line":73,"column":63}},"40":{"start":{"line":75,"column":2},"end":{"line":75,"column":32}},"41":{"start":{"line":78,"column":0},"end":{"line":78,"column":41}}},"fnMap":{"0":{"name":"validateUserProfile","decl":{"start":{"line":3,"column":9},"end":{"line":3,"column":28}},"loc":{"start":{"line":3,"column":35},"end":{"line":76,"column":1}},"line":3},"1":{"name":"(anonymous_1)","decl":{"start":{"line":12,"column":25},"end":{"line":12,"column":26}},"loc":{"start":{"line":12,"column":34},"end":{"line":18,"column":3}},"line":12},"2":{"name":"(anonymous_2)","decl":{"start":{"line":23,"column":32},"end":{"line":23,"column":33}},"loc":{"start":{"line":23,"column":37},"end":{"line":23,"column":81}},"line":23}},"branchMap":{"0":{"loc":{"start":{"line":13,"column":4},"end":{"line":17,"column":5}},"type":"if","locations":[{"start":{"line":13,"column":4},"end":{"line":17,"column":5}},{"start":{"line":15,"column":11},"end":{"line":17,"column":5}}],"line":13},"1":{"loc":{"start":{"line":13,"column":8},"end":{"line":13,"column":78}},"type":"binary-expr","locations":[{"start":{"line":13,"column":8},"end":{"line":13,"column":20}},{"start":{"line":13,"column":24},"end":{"line":13,"column":55}},{"start":{"line":13,"column":59},"end":{"line":13,"column":78}}],"line":13},"2":{"loc":{"start":{"line":21,"column":2},"end":{"line":27,"column":3}},"type":"if","locations":[{"start":{"line":21,"column":2},"end":{"line":27,"column":3}},{"start":{"line":23,"column":9},"end":{"line":27,"column":3}}],"line":21},"3":{"loc":{"start":{"line":21,"column":6},"end":{"line":21,"column":61}},"type":"binary-expr","locations":[{"start":{"line":21,"column":6},"end":{"line":21,"column":33}},{"start":{"line":21,"column":37},"end":{"line":21,"column":61}}],"line":21},"4":{"loc":{"start":{"line":23,"column":9},"end":{"line":27,"column":3}},"type":"if","locations":[{"start":{"line":23,"column":9},"end":{"line":27,"column":3}},{"start":{"line":25,"column":9},"end":{"line":27,"column":3}}],"line":23},"5":{"loc":{"start":{"line":23,"column":37},"end":{"line":23,"column":81}},"type":"binary-expr","locations":[{"start":{"line":23,"column":37},"end":{"line":23,"column":58}},{"start":{"line":23,"column":62},"end":{"line":23,"column":81}}],"line":23},"6":{"loc":{"start":{"line":30,"column":2},"end":{"line":34,"column":3}},"type":"if","locations":[{"start":{"line":30,"column":2},"end":{"line":34,"column":3}},{"start":{"line":32,"column":9},"end":{"line":34,"column":3}}],"line":30},"7":{"loc":{"start":{"line":30,"column":6},"end":{"line":30,"column":73}},"type":"binary-expr","locations":[{"start":{"line":30,"column":6},"end":{"line":30,"column":39}},{"start":{"line":30,"column":43},"end":{"line":30,"column":73}}],"line":30},"8":{"loc":{"start":{"line":37,"column":2},"end":{"line":39,"column":3}},"type":"if","locations":[{"start":{"line":37,"column":2},"end":{"line":39,"column":3}},{"start":{},"end":{}}],"line":37},"9":{"loc":{"start":{"line":37,"column":6},"end":{"line":37,"column":54}},"type":"binary-expr","locations":[{"start":{"line":37,"column":6},"end":{"line":37,"column":16}},{"start":{"line":37,"column":20},"end":{"line":37,"column":54}}],"line":37},"10":{"loc":{"start":{"line":42,"column":2},"end":{"line":44,"column":3}},"type":"if","locations":[{"start":{"line":42,"column":2},"end":{"line":44,"column":3}},{"start":{},"end":{}}],"line":42},"11":{"loc":{"start":{"line":42,"column":6},"end":{"line":42,"column":59}},"type":"binary-expr","locations":[{"start":{"line":42,"column":6},"end":{"line":42,"column":16}},{"start":{"line":42,"column":20},"end":{"line":42,"column":59}}],"line":42},"12":{"loc":{"start":{"line":48,"column":2},"end":{"line":50,"column":3}},"type":"if","locations":[{"start":{"line":48,"column":2},"end":{"line":50,"column":3}},{"start":{},"end":{}}],"line":48},"13":{"loc":{"start":{"line":48,"column":6},"end":{"line":48,"column":55}},"type":"binary-expr","locations":[{"start":{"line":48,"column":6},"end":{"line":48,"column":16}},{"start":{"line":48,"column":20},"end":{"line":48,"column":55}}],"line":48},"14":{"loc":{"start":{"line":53,"column":2},"end":{"line":55,"column":3}},"type":"if","locations":[{"start":{"line":53,"column":2},"end":{"line":55,"column":3}},{"start":{},"end":{}}],"line":53},"15":{"loc":{"start":{"line":53,"column":6},"end":{"line":53,"column":53}},"type":"binary-expr","locations":[{"start":{"line":53,"column":6},"end":{"line":53,"column":18}},{"start":{"line":53,"column":22},"end":{"line":53,"column":53}}],"line":53},"16":{"loc":{"start":{"line":58,"column":19},"end":{"line":58,"column":80}},"type":"cond-expr","locations":[{"start":{"line":58,"column":55},"end":{"line":58,"column":75}},{"start":{"line":58,"column":78},"end":{"line":58,"column":80}}],"line":58},"17":{"loc":{"start":{"line":59,"column":21},"end":{"line":59,"column":42}},"type":"binary-expr","locations":[{"start":{"line":59,"column":21},"end":{"line":59,"column":36}},{"start":{"line":59,"column":40},"end":{"line":59,"column":42}}],"line":59},"18":{"loc":{"start":{"line":60,"column":21},"end":{"line":60,"column":42}},"type":"binary-expr","locations":[{"start":{"line":60,"column":21},"end":{"line":60,"column":36}},{"start":{"line":60,"column":40},"end":{"line":60,"column":42}}],"line":60},"19":{"loc":{"start":{"line":61,"column":20},"end":{"line":61,"column":40}},"type":"binary-expr","locations":[{"start":{"line":61,"column":20},"end":{"line":61,"column":34}},{"start":{"line":61,"column":38},"end":{"line":61,"column":40}}],"line":61},"20":{"loc":{"start":{"line":62,"column":27},"end":{"line":62,"column":54}},"type":"binary-expr","locations":[{"start":{"line":62,"column":27},"end":{"line":62,"column":48}},{"start":{"line":62,"column":52},"end":{"line":62,"column":54}}],"line":62},"21":{"loc":{"start":{"line":63,"column":18},"end":{"line":63,"column":65}},"type":"cond-expr","locations":[{"start":{"line":63,"column":48},"end":{"line":63,"column":60}},{"start":{"line":63,"column":63},"end":{"line":63,"column":65}}],"line":63},"22":{"loc":{"start":{"line":64,"column":17},"end":{"line":64,"column":62}},"type":"cond-expr","locations":[{"start":{"line":64,"column":46},"end":{"line":64,"column":57}},{"start":{"line":64,"column":60},"end":{"line":64,"column":62}}],"line":64},"23":{"loc":{"start":{"line":65,"column":22},"end":{"line":65,"column":82}},"type":"cond-expr","locations":[{"start":{"line":65,"column":61},"end":{"line":65,"column":77}},{"start":{"line":65,"column":80},"end":{"line":65,"column":82}}],"line":65},"24":{"loc":{"start":{"line":66,"column":23},"end":{"line":66,"column":80}},"type":"cond-expr","locations":[{"start":{"line":66,"column":58},"end":{"line":66,"column":75}},{"start":{"line":66,"column":78},"end":{"line":66,"column":80}}],"line":66},"25":{"loc":{"start":{"line":67,"column":23},"end":{"line":67,"column":46}},"type":"binary-expr","locations":[{"start":{"line":67,"column":23},"end":{"line":67,"column":40}},{"start":{"line":67,"column":44},"end":{"line":67,"column":46}}],"line":67},"26":{"loc":{"start":{"line":68,"column":28},"end":{"line":68,"column":103}},"type":"cond-expr","locations":[{"start":{"line":68,"column":74},"end":{"line":68,"column":96}},{"start":{"line":68,"column":99},"end":{"line":68,"column":103}}],"line":68},"27":{"loc":{"start":{"line":69,"column":26},"end":{"line":69,"column":52}},"type":"binary-expr","locations":[{"start":{"line":69,"column":26},"end":{"line":69,"column":46}},{"start":{"line":69,"column":50},"end":{"line":69,"column":52}}],"line":69},"28":{"loc":{"start":{"line":70,"column":19},"end":{"line":70,"column":38}},"type":"binary-expr","locations":[{"start":{"line":70,"column":19},"end":{"line":70,"column":32}},{"start":{"line":70,"column":36},"end":{"line":70,"column":38}}],"line":70},"29":{"loc":{"start":{"line":72,"column":2},"end":{"line":74,"column":3}},"type":"if","locations":[{"start":{"line":72,"column":2},"end":{"line":74,"column":3}},{"start":{},"end":{}}],"line":72}},"s":{"0":11,"1":11,"2":11,"3":11,"4":77,"5":3,"6":74,"7":11,"8":7,"9":4,"10":4,"11":0,"12":4,"13":11,"14":7,"15":4,"16":11,"17":2,"18":11,"19":2,"20":11,"21":11,"22":2,"23":11,"24":2,"25":11,"26":11,"27":11,"28":11,"29":11,"30":11,"31":11,"32":11,"33":11,"34":11,"35":11,"36":11,"37":11,"38":11,"39":9,"40":2,"41":3},"f":{"0":11,"1":77,"2":4},"b":{"0":[3,74],"1":[77,74,74],"2":[7,4],"3":[11,5],"4":[0,4],"5":[4,4],"6":[7,4],"7":[11,5],"8":[2,9],"9":[11,11],"10":[2,9],"11":[11,11],"12":[2,9],"13":[11,11],"14":[2,9],"15":[11,11],"16":[0,11],"17":[11,11],"18":[11,11],"19":[11,11],"20":[11,11],"21":[0,11],"22":[5,6],"23":[0,11],"24":[5,6],"25":[11,11],"26":[2,9],"27":[11,11],"28":[11,11],"29":[9,2]},"_coverageSchema":"1a1c01bbd47fc00a2c39e90264f33305004495a9","hash":"d37258d68821a61e4e98cd6a1fecf5be3347c806"}
}
