{"C:\\Users\\bahar\\group11project\\backend\\app.js": {"path":"C:\\Users\\bahar\\group11project\\backend\\app.js","statementMap":{"0":{"start":{"line":1,"column":16},"end":{"line":1,"column":34}},"1":{"start":{"line":2,"column":26},"end":{"line":2,"column":57}},"2":{"start":{"line":4,"column":12},"end":{"line":4,"column":21}},"3":{"start":{"line":5,"column":0},"end":{"line":5,"column":24}},"4":{"start":{"line":8,"column":0},"end":{"line":8,"column":48}},"5":{"start":{"line":11,"column":0},"end":{"line":13,"column":3}},"6":{"start":{"line":12,"column":2},"end":{"line":12,"column":83}},"7":{"start":{"line":15,"column":0},"end":{"line":15,"column":21}},"8":{"start":{"line":17,"column":0},"end":{"line":22,"column":1}},"9":{"start":{"line":18,"column":15},"end":{"line":18,"column":39}},"10":{"start":{"line":19,"column":2},"end":{"line":21,"column":5}},"11":{"start":{"line":20,"column":4},"end":{"line":20,"column":58}}},"fnMap":{"0":{"name":"(anonymous_0)","decl":{"start":{"line":11,"column":8},"end":{"line":11,"column":9}},"loc":{"start":{"line":11,"column":33},"end":{"line":13,"column":1}},"line":11},"1":{"name":"(anonymous_1)","decl":{"start":{"line":19,"column":19},"end":{"line":19,"column":20}},"loc":{"start":{"line":19,"column":25},"end":{"line":21,"column":3}},"line":19}},"branchMap":{"0":{"loc":{"start":{"line":12,"column":13},"end":{"line":12,"column":30}},"type":"binary-expr","locations":[{"start":{"line":12,"column":13},"end":{"line":12,"column":23}},{"start":{"line":12,"column":27},"end":{"line":12,"column":30}}],"line":12},"1":{"loc":{"start":{"line":12,"column":46},"end":{"line":12,"column":79}},"type":"binary-expr","locations":[{"start":{"line":12,"column":46},"end":{"line":12,"column":57}},{"start":{"line":12,"column":61},"end":{"line":12,"column":79}}],"line":12},"2":{"loc":{"start":{"line":17,"column":0},"end":{"line":22,"column":1}},"type":"if","locations":[{"start":{"line":17,"column":0},"end":{"line":22,"column":1}},{"start":{},"end":{}}],"line":17},"3":{"loc":{"start":{"line":18,"column":15},"end":{"line":18,"column":39}},"type":"binary-expr","locations":[{"start":{"line":18,"column":15},"end":{"line":18,"column":31}},{"start":{"line":18,"column":35},"end":{"line":18,"column":39}}],"line":18}},"s":{"0":1,"1":1,"2":1,"3":1,"4":1,"5":1,"6":1,"7":1,"8":1,"9":0,"10":0,"11":0},"f":{"0":1,"1":0},"b":{"0":[1,0],"1":[1,0],"2":[0,1],"3":[0,0]},"_coverageSchema":"1a1c01bbd47fc00a2c39e90264f33305004495a9","hash":"8ed07a5cf6ffe5c251e02cbe71991ea57913fda9"}
,"C:\\Users\\bahar\\group11project\\backend\\controllers\\userProfileController.js": {"path":"C:\\Users\\bahar\\group11project\\backend\\controllers\\userProfileController.js","statementMap":{"0":{"start":{"line":1,"column":32},"end":{"line":1,"column":77}},"1":{"start":{"line":5,"column":23},"end":{"line":22,"column":1}},"2":{"start":{"line":24,"column":19},"end":{"line":39,"column":1}},"3":{"start":{"line":43,"column":15},"end":{"line":43,"column":65}},"4":{"start":{"line":44,"column":2},"end":{"line":48,"column":3}},"5":{"start":{"line":45,"column":4},"end":{"line":45,"column":27}},"6":{"start":{"line":47,"column":4},"end":{"line":47,"column":31}},"7":{"start":{"line":53,"column":15},"end":{"line":53,"column":65}},"8":{"start":{"line":54,"column":27},"end":{"line":54,"column":56}},"9":{"start":{"line":55,"column":2},"end":{"line":58,"column":3}},"10":{"start":{"line":56,"column":4},"end":{"line":56,"column":23}},"11":{"start":{"line":57,"column":4},"end":{"line":57,"column":23}},"12":{"start":{"line":59,"column":2},"end":{"line":65,"column":3}},"13":{"start":{"line":60,"column":4},"end":{"line":60,"column":49}},"14":{"start":{"line":61,"column":4},"end":{"line":61,"column":27}},"15":{"start":{"line":63,"column":4},"end":{"line":63,"column":57}},"16":{"start":{"line":64,"column":4},"end":{"line":64,"column":31}},"17":{"start":{"line":68,"column":0},"end":{"line":68,"column":55}}},"fnMap":{"0":{"name":"getUserProfile","decl":{"start":{"line":42,"column":9},"end":{"line":42,"column":23}},"loc":{"start":{"line":42,"column":34},"end":{"line":49,"column":1}},"line":42},"1":{"name":"updateUserProfile","decl":{"start":{"line":52,"column":9},"end":{"line":52,"column":26}},"loc":{"start":{"line":52,"column":43},"end":{"line":66,"column":1}},"line":52}},"branchMap":{"0":{"loc":{"start":{"line":43,"column":15},"end":{"line":43,"column":65}},"type":"cond-expr","locations":[{"start":{"line":43,"column":44},"end":{"line":43,"column":51}},{"start":{"line":43,"column":54},"end":{"line":43,"column":65}}],"line":43},"1":{"loc":{"start":{"line":44,"column":2},"end":{"line":48,"column":3}},"type":"if","locations":[{"start":{"line":44,"column":2},"end":{"line":48,"column":3}},{"start":{"line":46,"column":9},"end":{"line":48,"column":3}}],"line":44},"2":{"loc":{"start":{"line":53,"column":15},"end":{"line":53,"column":65}},"type":"cond-expr","locations":[{"start":{"line":53,"column":44},"end":{"line":53,"column":51}},{"start":{"line":53,"column":54},"end":{"line":53,"column":65}}],"line":53},"3":{"loc":{"start":{"line":55,"column":2},"end":{"line":58,"column":3}},"type":"if","locations":[{"start":{"line":55,"column":2},"end":{"line":58,"column":3}},{"start":{},"end":{}}],"line":55},"4":{"loc":{"start":{"line":59,"column":2},"end":{"line":65,"column":3}},"type":"if","locations":[{"start":{"line":59,"column":2},"end":{"line":65,"column":3}},{"start":{"line":62,"column":9},"end":{"line":65,"column":3}}],"line":59}},"s":{"0":1,"1":1,"2":1,"3":1,"4":1,"5":0,"6":1,"7":2,"8":2,"9":2,"10":1,"11":1,"12":1,"13":0,"14":0,"15":1,"16":1,"17":1},"f":{"0":1,"1":2},"b":{"0":[0,1],"1":[0,1],"2":[0,2],"3":[1,1],"4":[0,1]},"_coverageSchema":"1a1c01bbd47fc00a2c39e90264f33305004495a9","hash":"ebe4c5a480a20fe1005a0f516e171a2ea85d5ffd"}
,"C:\\Users\\bahar\\group11project\\backend\\routes\\userProfile.js": {"path":"C:\\Users\\bahar\\group11project\\backend\\routes\\userProfile.js","statementMap":{"0":{"start":{"line":1,"column":16},"end":{"line":1,"column":34}},"1":{"start":{"line":2,"column":46},"end":{"line":2,"column":93}},"2":{"start":{"line":4,"column":15},"end":{"line":4,"column":31}},"3":{"start":{"line":7,"column":0},"end":{"line":7,"column":32}},"4":{"start":{"line":10,"column":0},"end":{"line":10,"column":36}},"5":{"start":{"line":12,"column":0},"end":{"line":12,"column":24}}},"fnMap":{},"branchMap":{},"s":{"0":1,"1":1,"2":1,"3":1,"4":1,"5":1},"f":{},"b":{},"_coverageSchema":"1a1c01bbd47fc00a2c39e90264f33305004495a9","hash":"29c30cd24029cf703bb4c089d42a616b8093548b"}
,"C:\\Users\\bahar\\group11project\\backend\\validators\\userProfileValidator.js": {"path":"C:\\Users\\bahar\\group11project\\backend\\validators\\userProfileValidator.js","statementMap":{"0":{"start":{"line":4,"column":17},"end":{"line":4,"column":19}},"1":{"start":{"line":5,"column":16},"end":{"line":5,"column":18}},"2":{"start":{"line":9,"column":25},"end":{"line":11,"column":3}},"3":{"start":{"line":12,"column":2},"end":{"line":18,"column":5}},"4":{"start":{"line":13,"column":4},"end":{"line":17,"column":5}},"5":{"start":{"line":14,"column":6},"end":{"line":14,"column":74}},"6":{"start":{"line":16,"column":6},"end":{"line":16,"column":40}},"7":{"start":{"line":21,"column":2},"end":{"line":27,"column":3}},"8":{"start":{"line":22,"column":4},"end":{"line":22,"column":56}},"9":{"start":{"line":23,"column":9},"end":{"line":27,"column":3}},"10":{"start":{"line":23,"column":37},"end":{"line":23,"column":81}},"11":{"start":{"line":24,"column":4},"end":{"line":24,"column":57}},"12":{"start":{"line":26,"column":4},"end":{"line":26,"column":31}},"13":{"start":{"line":30,"column":2},"end":{"line":34,"column":3}},"14":{"start":{"line":31,"column":4},"end":{"line":31,"column":65}},"15":{"start":{"line":33,"column":4},"end":{"line":33,"column":43}},"16":{"start":{"line":37,"column":2},"end":{"line":39,"column":3}},"17":{"start":{"line":38,"column":4},"end":{"line":38,"column":41}},"18":{"start":{"line":42,"column":2},"end":{"line":44,"column":3}},"19":{"start":{"line":43,"column":4},"end":{"line":43,"column":57}},"20":{"start":{"line":47,"column":24},"end":{"line":47,"column":48}},"21":{"start":{"line":48,"column":2},"end":{"line":50,"column":3}},"22":{"start":{"line":49,"column":4},"end":{"line":49,"column":69}},"23":{"start":{"line":53,"column":2},"end":{"line":55,"column":3}},"24":{"start":{"line":54,"column":4},"end":{"line":54,"column":48}},"25":{"start":{"line":58,"column":2},"end":{"line":58,"column":81}},"26":{"start":{"line":59,"column":2},"end":{"line":59,"column":43}},"27":{"start":{"line":60,"column":2},"end":{"line":60,"column":43}},"28":{"start":{"line":61,"column":2},"end":{"line":61,"column":41}},"29":{"start":{"line":62,"column":2},"end":{"line":62,"column":55}},"30":{"start":{"line":63,"column":2},"end":{"line":63,"column":66}},"31":{"start":{"line":64,"column":2},"end":{"line":64,"column":63}},"32":{"start":{"line":65,"column":2},"end":{"line":65,"column":83}},"33":{"start":{"line":66,"column":2},"end":{"line":66,"column":81}},"34":{"start":{"line":67,"column":2},"end":{"line":67,"column":47}},"35":{"start":{"line":68,"column":2},"end":{"line":68,"column":104}},"36":{"start":{"line":69,"column":2},"end":{"line":69,"column":53}},"37":{"start":{"line":70,"column":2},"end":{"line":70,"column":39}},"38":{"start":{"line":72,"column":2},"end":{"line":74,"column":3}},"39":{"start":{"line":73,"column":4},"end":{"line":73,"column":63}},"40":{"start":{"line":75,"column":2},"end":{"line":75,"column":32}},"41":{"start":{"line":78,"column":0},"end":{"line":78,"column":41}}},"fnMap":{"0":{"name":"validateUserProfile","decl":{"start":{"line":3,"column":9},"end":{"line":3,"column":28}},"loc":{"start":{"line":3,"column":35},"end":{"line":76,"column":1}},"line":3},"1":{"name":"(anonymous_1)","decl":{"start":{"line":12,"column":25},"end":{"line":12,"column":26}},"loc":{"start":{"line":12,"column":34},"end":{"line":18,"column":3}},"line":12},"2":{"name":"(anonymous_2)","decl":{"start":{"line":23,"column":32},"end":{"line":23,"column":33}},"loc":{"start":{"line":23,"column":37},"end":{"line":23,"column":81}},"line":23}},"branchMap":{"0":{"loc":{"start":{"line":13,"column":4},"end":{"line":17,"column":5}},"type":"if","locations":[{"start":{"line":13,"column":4},"end":{"line":17,"column":5}},{"start":{"line":15,"column":11},"end":{"line":17,"column":5}}],"line":13},"1":{"loc":{"start":{"line":13,"column":8},"end":{"line":13,"column":78}},"type":"binary-expr","locations":[{"start":{"line":13,"column":8},"end":{"line":13,"column":20}},{"start":{"line":13,"column":24},"end":{"line":13,"column":55}},{"start":{"line":13,"column":59},"end":{"line":13,"column":78}}],"line":13},"2":{"loc":{"start":{"line":21,"column":2},"end":{"line":27,"column":3}},"type":"if","locations":[{"start":{"line":21,"column":2},"end":{"line":27,"column":3}},{"start":{"line":23,"column":9},"end":{"line":27,"column":3}}],"line":21},"3":{"loc":{"start":{"line":21,"column":6},"end":{"line":21,"column":61}},"type":"binary-expr","locations":[{"start":{"line":21,"column":6},"end":{"line":21,"column":33}},{"start":{"line":21,"column":37},"end":{"line":21,"column":61}}],"line":21},"4":{"loc":{"start":{"line":23,"column":9},"end":{"line":27,"column":3}},"type":"if","locations":[{"start":{"line":23,"column":9},"end":{"line":27,"column":3}},{"start":{"line":25,"column":9},"end":{"line":27,"column":3}}],"line":23},"5":{"loc":{"start":{"line":23,"column":37},"end":{"line":23,"column":81}},"type":"binary-expr","locations":[{"start":{"line":23,"column":37},"end":{"line":23,"column":58}},{"start":{"line":23,"column":62},"end":{"line":23,"column":81}}],"line":23},"6":{"loc":{"start":{"line":30,"column":2},"end":{"line":34,"column":3}},"type":"if","locations":[{"start":{"line":30,"column":2},"end":{"line":34,"column":3}},{"start":{"line":32,"column":9},"end":{"line":34,"column":3}}],"line":30},"7":{"loc":{"start":{"line":30,"column":6},"end":{"line":30,"column":73}},"type":"binary-expr","locations":[{"start":{"line":30,"column":6},"end":{"line":30,"column":39}},{"start":{"line":30,"column":43},"end":{"line":30,"column":73}}],"line":30},"8":{"loc":{"start":{"line":37,"column":2},"end":{"line":39,"column":3}},"type":"if","locations":[{"start":{"line":37,"column":2},"end":{"line":39,"column":3}},{"start":{},"end":{}}],"line":37},"9":{"loc":{"start":{"line":37,"column":6},"end":{"line":37,"column":54}},"type":"binary-expr","locations":[{"start":{"line":37,"column":6},"end":{"line":37,"column":16}},{"start":{"line":37,"column":20},"end":{"line":37,"column":54}}],"line":37},"10":{"loc":{"start":{"line":42,"column":2},"end":{"line":44,"column":3}},"type":"if","locations":[{"start":{"line":42,"column":2},"end":{"line":44,"column":3}},{"start":{},"end":{}}],"line":42},"11":{"loc":{"start":{"line":42,"column":6},"end":{"line":42,"column":59}},"type":"binary-expr","locations":[{"start":{"line":42,"column":6},"end":{"line":42,"column":16}},{"start":{"line":42,"column":20},"end":{"line":42,"column":59}}],"line":42},"12":{"loc":{"start":{"line":48,"column":2},"end":{"line":50,"column":3}},"type":"if","locations":[{"start":{"line":48,"column":2},"end":{"line":50,"column":3}},{"start":{},"end":{}}],"line":48},"13":{"loc":{"start":{"line":48,"column":6},"end":{"line":48,"column":55}},"type":"binary-expr","locations":[{"start":{"line":48,"column":6},"end":{"line":48,"column":16}},{"start":{"line":48,"column":20},"end":{"line":48,"column":55}}],"line":48},"14":{"loc":{"start":{"line":53,"column":2},"end":{"line":55,"column":3}},"type":"if","locations":[{"start":{"line":53,"column":2},"end":{"line":55,"column":3}},{"start":{},"end":{}}],"line":53},"15":{"loc":{"start":{"line":53,"column":6},"end":{"line":53,"column":53}},"type":"binary-expr","locations":[{"start":{"line":53,"column":6},"end":{"line":53,"column":18}},{"start":{"line":53,"column":22},"end":{"line":53,"column":53}}],"line":53},"16":{"loc":{"start":{"line":58,"column":19},"end":{"line":58,"column":80}},"type":"cond-expr","locations":[{"start":{"line":58,"column":55},"end":{"line":58,"column":75}},{"start":{"line":58,"column":78},"end":{"line":58,"column":80}}],"line":58},"17":{"loc":{"start":{"line":59,"column":21},"end":{"line":59,"column":42}},"type":"binary-expr","locations":[{"start":{"line":59,"column":21},"end":{"line":59,"column":36}},{"start":{"line":59,"column":40},"end":{"line":59,"column":42}}],"line":59},"18":{"loc":{"start":{"line":60,"column":21},"end":{"line":60,"column":42}},"type":"binary-expr","locations":[{"start":{"line":60,"column":21},"end":{"line":60,"column":36}},{"start":{"line":60,"column":40},"end":{"line":60,"column":42}}],"line":60},"19":{"loc":{"start":{"line":61,"column":20},"end":{"line":61,"column":40}},"type":"binary-expr","locations":[{"start":{"line":61,"column":20},"end":{"line":61,"column":34}},{"start":{"line":61,"column":38},"end":{"line":61,"column":40}}],"line":61},"20":{"loc":{"start":{"line":62,"column":27},"end":{"line":62,"column":54}},"type":"binary-expr","locations":[{"start":{"line":62,"column":27},"end":{"line":62,"column":48}},{"start":{"line":62,"column":52},"end":{"line":62,"column":54}}],"line":62},"21":{"loc":{"start":{"line":63,"column":18},"end":{"line":63,"column":65}},"type":"cond-expr","locations":[{"start":{"line":63,"column":48},"end":{"line":63,"column":60}},{"start":{"line":63,"column":63},"end":{"line":63,"column":65}}],"line":63},"22":{"loc":{"start":{"line":64,"column":17},"end":{"line":64,"column":62}},"type":"cond-expr","locations":[{"start":{"line":64,"column":46},"end":{"line":64,"column":57}},{"start":{"line":64,"column":60},"end":{"line":64,"column":62}}],"line":64},"23":{"loc":{"start":{"line":65,"column":22},"end":{"line":65,"column":82}},"type":"cond-expr","locations":[{"start":{"line":65,"column":61},"end":{"line":65,"column":77}},{"start":{"line":65,"column":80},"end":{"line":65,"column":82}}],"line":65},"24":{"loc":{"start":{"line":66,"column":23},"end":{"line":66,"column":80}},"type":"cond-expr","locations":[{"start":{"line":66,"column":58},"end":{"line":66,"column":75}},{"start":{"line":66,"column":78},"end":{"line":66,"column":80}}],"line":66},"25":{"loc":{"start":{"line":67,"column":23},"end":{"line":67,"column":46}},"type":"binary-expr","locations":[{"start":{"line":67,"column":23},"end":{"line":67,"column":40}},{"start":{"line":67,"column":44},"end":{"line":67,"column":46}}],"line":67},"26":{"loc":{"start":{"line":68,"column":28},"end":{"line":68,"column":103}},"type":"cond-expr","locations":[{"start":{"line":68,"column":74},"end":{"line":68,"column":96}},{"start":{"line":68,"column":99},"end":{"line":68,"column":103}}],"line":68},"27":{"loc":{"start":{"line":69,"column":26},"end":{"line":69,"column":52}},"type":"binary-expr","locations":[{"start":{"line":69,"column":26},"end":{"line":69,"column":46}},{"start":{"line":69,"column":50},"end":{"line":69,"column":52}}],"line":69},"28":{"loc":{"start":{"line":70,"column":19},"end":{"line":70,"column":38}},"type":"binary-expr","locations":[{"start":{"line":70,"column":19},"end":{"line":70,"column":32}},{"start":{"line":70,"column":36},"end":{"line":70,"column":38}}],"line":70},"29":{"loc":{"start":{"line":72,"column":2},"end":{"line":74,"column":3}},"type":"if","locations":[{"start":{"line":72,"column":2},"end":{"line":74,"column":3}},{"start":{},"end":{}}],"line":72}},"s":{"0":11,"1":11,"2":11,"3":11,"4":77,"5":3,"6":74,"7":11,"8":7,"9":4,"10":4,"11":0,"12":4,"13":11,"14":7,"15":4,"16":11,"17":2,"18":11,"19":2,"20":11,"21":11,"22":2,"23":11,"24":2,"25":11,"26":11,"27":11,"28":11,"29":11,"30":11,"31":11,"32":11,"33":11,"34":11,"35":11,"36":11,"37":11,"38":11,"39":9,"40":2,"41":2},"f":{"0":11,"1":77,"2":4},"b":{"0":[3,74],"1":[77,74,74],"2":[7,4],"3":[11,5],"4":[0,4],"5":[4,4],"6":[7,4],"7":[11,5],"8":[2,9],"9":[11,11],"10":[2,9],"11":[11,11],"12":[2,9],"13":[11,11],"14":[2,9],"15":[11,11],"16":[0,11],"17":[11,11],"18":[11,11],"19":[11,11],"20":[11,11],"21":[0,11],"22":[5,6],"23":[0,11],"24":[5,6],"25":[11,11],"26":[2,9],"27":[11,11],"28":[11,11],"29":[9,2]},"_coverageSchema":"1a1c01bbd47fc00a2c39e90264f33305004495a9","hash":"d37258d68821a61e4e98cd6a1fecf5be3347c806"}
}
