TN:
SF:app.js
FN:27,(anonymous_0)
FN:34,(anonymous_1)
FNF:2
FNH:1
FNDA:2,(anonymous_0)
FNDA:0,(anonymous_1)
DA:3,2
DA:4,2
DA:6,2
DA:7,2
DA:8,2
DA:9,2
DA:10,2
DA:13,2
DA:16,2
DA:17,2
DA:20,2
DA:21,2
DA:22,2
DA:23,2
DA:24,2
DA:27,2
DA:28,2
DA:32,2
DA:33,0
DA:34,0
DA:35,0
DA:39,2
LF:22
LH:19
BRDA:28,0,0,2
BRDA:28,0,1,0
BRDA:28,1,0,2
BRDA:28,1,1,0
BRDA:32,2,0,0
BRDA:32,2,1,2
BRDA:33,3,0,0
BRDA:33,3,1,0
BRF:8
BRH:3
end_of_record
TN:
SF:controllers\eventController.js
FN:29,getEvents
FN:33,createEvent
FN:44,updateEvent
FN:46,(anonymous_3)
FN:59,deleteEvent
FN:61,(anonymous_5)
FNF:6
FNH:6
FNDA:1,getEvents
FNDA:4,createEvent
FNDA:1,updateEvent
FNDA:4,(anonymous_3)
FNDA:1,deleteEvent
FNDA:5,(anonymous_5)
DA:1,2
DA:4,2
DA:30,1
DA:34,4
DA:35,4
DA:36,1
DA:37,1
DA:39,3
DA:40,3
DA:41,3
DA:45,1
DA:46,4
DA:47,1
DA:48,0
DA:50,1
DA:51,1
DA:52,0
DA:53,0
DA:55,1
DA:56,1
DA:60,1
DA:61,5
DA:62,1
DA:63,0
DA:65,1
DA:66,1
DA:69,2
LF:27
LH:23
BRDA:35,0,0,1
BRDA:35,0,1,3
BRDA:47,1,0,0
BRDA:47,1,1,1
BRDA:51,2,0,0
BRDA:51,2,1,1
BRDA:62,3,0,0
BRDA:62,3,1,1
BRF:8
BRH:5
end_of_record
TN:
SF:controllers\loginController.js
FN:8,login
FN:11,(anonymous_1)
FNF:2
FNH:2
FNDA:5,login
FNDA:10,(anonymous_1)
DA:3,3
DA:9,5
DA:11,10
DA:13,5
DA:14,5
DA:17,0
DA:20,3
LF:7
LH:6
BRDA:11,0,0,10
BRDA:11,0,1,0
BRDA:13,1,0,5
BRDA:13,1,1,0
BRF:4
BRH:2
end_of_record
TN:
SF:controllers\notificationController.js
FN:8,getUserNotifications
FN:10,(anonymous_1)
FN:14,deleteNotification
FN:16,(anonymous_3)
FN:22,addNotification
FNF:5
FNH:0
FNDA:0,getUserNotifications
FNDA:0,(anonymous_1)
FNDA:0,deleteNotification
FNDA:0,(anonymous_3)
FNDA:0,addNotification
DA:2,2
DA:9,0
DA:10,0
DA:11,0
DA:15,0
DA:16,0
DA:17,0
DA:18,0
DA:19,0
DA:23,0
DA:24,0
DA:25,0
DA:26,0
DA:27,0
DA:30,2
LF:15
LH:2
BRDA:17,0,0,0
BRDA:17,0,1,0
BRDA:24,1,0,0
BRDA:24,1,1,0
BRDA:24,2,0,0
BRDA:24,2,1,0
BRDA:24,2,2,0
BRF:7
BRH:0
end_of_record
TN:
SF:controllers\registrationController.js
FN:10,registerUser
FN:19,(anonymous_1)
FNF:2
FNH:2
FNDA:4,registerUser
FNDA:4,(anonymous_1)
DA:4,3
DA:11,4
DA:14,4
DA:15,2
DA:19,4
DA:20,2
DA:21,1
DA:25,1
DA:26,1
DA:27,0
DA:30,1
DA:33,1
DA:37,1
DA:40,3
LF:14
LH:13
BRDA:14,0,0,2
BRDA:14,0,1,2
BRDA:14,1,0,4
BRDA:14,1,1,3
BRDA:20,2,0,1
BRDA:20,2,1,1
BRDA:26,3,0,0
BRDA:26,3,1,1
BRDA:26,4,0,1
BRDA:26,4,1,0
BRDA:33,5,0,0
BRDA:33,5,1,1
BRDA:33,6,0,1
BRDA:33,6,1,0
BRF:14
BRH:10
end_of_record
TN:
SF:controllers\userProfileController.js
FN:42,getUserProfile
FN:52,updateUserProfile
FNF:2
FNH:2
FNDA:1,getUserProfile
FNDA:2,updateUserProfile
DA:1,2
DA:5,2
DA:24,2
DA:43,1
DA:44,1
DA:45,0
DA:47,1
DA:53,2
DA:54,2
DA:55,2
DA:56,1
DA:57,1
DA:59,1
DA:60,0
DA:61,0
DA:63,1
DA:64,1
DA:68,2
LF:18
LH:15
BRDA:43,0,0,0
BRDA:43,0,1,1
BRDA:44,1,0,0
BRDA:44,1,1,1
BRDA:53,2,0,0
BRDA:53,2,1,2
BRDA:55,3,0,1
BRDA:55,3,1,1
BRDA:59,4,0,0
BRDA:59,4,1,1
BRF:10
BRH:6
end_of_record
TN:
SF:routes\eventRoutes.js
FNF:0
FNH:0
DA:1,2
DA:2,2
DA:4,2
DA:7,2
DA:10,2
DA:13,2
DA:16,2
DA:18,2
LF:8
LH:8
BRF:0
BRH:0
end_of_record
TN:
SF:routes\loginRoutes.js
FNF:0
FNH:0
DA:3,2
DA:4,2
DA:6,2
DA:8,2
DA:10,2
LF:5
LH:5
BRF:0
BRH:0
end_of_record
TN:
SF:routes\notificationRoutes.js
FNF:0
FNH:0
DA:1,2
DA:2,2
DA:3,2
DA:5,2
DA:6,2
DA:7,2
DA:9,2
LF:7
LH:7
BRF:0
BRH:0
end_of_record
TN:
SF:routes\registrationRoutes.js
FNF:0
FNH:0
DA:1,2
DA:2,2
DA:4,2
DA:7,2
DA:9,2
LF:5
LH:5
BRF:0
BRH:0
end_of_record
TN:
SF:routes\userProfile.js
FNF:0
FNH:0
DA:1,2
DA:2,2
DA:4,2
DA:7,2
DA:10,2
DA:12,2
LF:6
LH:6
BRF:0
BRH:0
end_of_record
TN:
SF:validators\eventValidator.js
FN:3,validateEvent
FN:31,(anonymous_1)
FNF:2
FNH:2
FNDA:12,validateEvent
FNDA:8,(anonymous_1)
DA:4,12
DA:5,12
DA:8,12
DA:9,2
DA:10,10
DA:11,1
DA:13,9
DA:16,12
DA:17,2
DA:19,10
DA:22,12
DA:23,2
DA:25,10
DA:29,12
DA:30,4
DA:31,8
DA:32,0
DA:34,8
DA:38,12
DA:39,12
DA:40,3
DA:42,9
DA:46,12
DA:47,3
DA:49,9
DA:52,12
DA:53,7
DA:55,5
DA:58,3
LF:29
LH:28
BRDA:8,0,0,2
BRDA:8,0,1,10
BRDA:8,1,0,12
BRDA:8,1,1,10
BRDA:8,1,2,10
BRDA:10,2,0,1
BRDA:10,2,1,9
BRDA:16,3,0,2
BRDA:16,3,1,10
BRDA:16,4,0,12
BRDA:16,4,1,10
BRDA:16,4,2,10
BRDA:22,5,0,2
BRDA:22,5,1,10
BRDA:22,6,0,12
BRDA:22,6,1,10
BRDA:22,6,2,10
BRDA:29,7,0,4
BRDA:29,7,1,8
BRDA:29,8,0,12
BRDA:29,8,1,11
BRDA:31,9,0,0
BRDA:31,9,1,8
BRDA:31,10,0,8
BRDA:31,10,1,8
BRDA:39,11,0,3
BRDA:39,11,1,9
BRDA:39,12,0,12
BRDA:39,12,1,10
BRDA:46,13,0,3
BRDA:46,13,1,9
BRDA:46,14,0,12
BRDA:46,14,1,10
BRDA:46,14,2,10
BRDA:52,15,0,7
BRDA:52,15,1,5
BRF:36
BRH:35
end_of_record
TN:
SF:validators\userProfileValidator.js
FN:3,validateUserProfile
FN:12,(anonymous_1)
FN:23,(anonymous_2)
FNF:3
FNH:3
FNDA:11,validateUserProfile
FNDA:77,(anonymous_1)
FNDA:4,(anonymous_2)
DA:4,11
DA:5,11
DA:9,11
DA:12,11
DA:13,77
DA:14,3
DA:16,74
DA:21,11
DA:22,7
DA:23,4
DA:24,0
DA:26,4
DA:30,11
DA:31,7
DA:33,4
DA:37,11
DA:38,2
DA:42,11
DA:43,2
DA:47,11
DA:48,11
DA:49,2
DA:53,11
DA:54,2
DA:58,11
DA:59,11
DA:60,11
DA:61,11
DA:62,11
DA:63,11
DA:64,11
DA:65,11
DA:66,11
DA:67,11
DA:68,11
DA:69,11
DA:70,11
DA:72,11
DA:73,9
DA:75,2
DA:78,3
LF:41
LH:40
BRDA:13,0,0,3
BRDA:13,0,1,74
BRDA:13,1,0,77
BRDA:13,1,1,74
BRDA:13,1,2,74
BRDA:21,2,0,7
BRDA:21,2,1,4
BRDA:21,3,0,11
BRDA:21,3,1,5
BRDA:23,4,0,0
BRDA:23,4,1,4
BRDA:23,5,0,4
BRDA:23,5,1,4
BRDA:30,6,0,7
BRDA:30,6,1,4
BRDA:30,7,0,11
BRDA:30,7,1,5
BRDA:37,8,0,2
BRDA:37,8,1,9
BRDA:37,9,0,11
BRDA:37,9,1,11
BRDA:42,10,0,2
BRDA:42,10,1,9
BRDA:42,11,0,11
BRDA:42,11,1,11
BRDA:48,12,0,2
BRDA:48,12,1,9
BRDA:48,13,0,11
BRDA:48,13,1,11
BRDA:53,14,0,2
BRDA:53,14,1,9
BRDA:53,15,0,11
BRDA:53,15,1,11
BRDA:58,16,0,0
BRDA:58,16,1,11
BRDA:59,17,0,11
BRDA:59,17,1,11
BRDA:60,18,0,11
BRDA:60,18,1,11
BRDA:61,19,0,11
BRDA:61,19,1,11
BRDA:62,20,0,11
BRDA:62,20,1,11
BRDA:63,21,0,0
BRDA:63,21,1,11
BRDA:64,22,0,5
BRDA:64,22,1,6
BRDA:65,23,0,0
BRDA:65,23,1,11
BRDA:66,24,0,5
BRDA:66,24,1,6
BRDA:67,25,0,11
BRDA:67,25,1,11
BRDA:68,26,0,2
BRDA:68,26,1,9
BRDA:69,27,0,11
BRDA:69,27,1,11
BRDA:70,28,0,11
BRDA:70,28,1,11
BRDA:72,29,0,9
BRDA:72,29,1,2
BRF:61
BRH:57
end_of_record
