TN:
SF:app.js
FN:22,(anonymous_0)
FN:29,(anonymous_1)
FNF:2
FNH:1
FNDA:1,(anonymous_0)
FNDA:0,(anonymous_1)
DA:3,1
DA:4,1
DA:5,1
DA:6,1
DA:7,1
DA:10,1
DA:13,1
DA:14,1
DA:17,1
DA:18,1
DA:19,1
DA:22,1
DA:23,1
DA:27,1
DA:28,0
DA:29,0
DA:30,0
DA:34,1
LF:18
LH:15
BRDA:23,0,0,1
BRDA:23,0,1,0
BRDA:23,1,0,1
BRDA:23,1,1,0
BRDA:27,2,0,0
BRDA:27,2,1,1
BRDA:28,3,0,0
BRDA:28,3,1,0
BRF:8
BRH:3
end_of_record
TN:
SF:controllers/loginController.js
FN:8,login
FN:11,(anonymous_1)
FNF:2
FNH:2
FNDA:5,login
FNDA:10,(anonymous_1)
DA:3,2
DA:9,5
DA:11,10
DA:13,5
DA:14,5
DA:17,0
DA:20,2
LF:7
LH:6
BRDA:11,0,0,10
BRDA:11,0,1,0
BRDA:13,1,0,5
BRDA:13,1,1,0
BRF:4
BRH:2
end_of_record
TN:
SF:controllers/registrationController.js
FN:11,registerUser
FN:20,(anonymous_1)
FNF:2
FNH:2
FNDA:4,registerUser
FNDA:4,(anonymous_1)
DA:4,2
DA:12,4
DA:15,4
DA:16,2
DA:20,4
DA:21,2
DA:22,1
DA:26,1
DA:27,1
DA:29,1
DA:32,2
LF:11
LH:11
BRDA:15,0,0,2
BRDA:15,0,1,2
BRDA:15,1,0,4
BRDA:15,1,1,3
BRDA:21,2,0,1
BRDA:21,2,1,1
BRF:6
BRH:6
end_of_record
TN:
SF:controllers/userProfileController.js
FN:42,getUserProfile
FN:52,updateUserProfile
FNF:2
FNH:2
FNDA:1,getUserProfile
FNDA:2,updateUserProfile
DA:1,1
DA:5,1
DA:24,1
DA:43,1
DA:44,1
DA:45,0
DA:47,1
DA:53,2
DA:54,2
DA:55,2
DA:56,1
DA:57,1
DA:59,1
DA:60,0
DA:61,0
DA:63,1
DA:64,1
DA:68,1
LF:18
LH:15
BRDA:43,0,0,0
BRDA:43,0,1,1
BRDA:44,1,0,0
BRDA:44,1,1,1
BRDA:53,2,0,0
BRDA:53,2,1,2
BRDA:55,3,0,1
BRDA:55,3,1,1
BRDA:59,4,0,0
BRDA:59,4,1,1
BRF:10
BRH:6
end_of_record
TN:
SF:routes/loginRoutes.js
FNF:0
FNH:0
DA:3,1
DA:4,1
DA:6,1
DA:8,1
DA:10,1
LF:5
LH:5
BRF:0
BRH:0
end_of_record
TN:
SF:routes/registrationRoutes.js
FNF:0
FNH:0
DA:1,1
DA:2,1
DA:4,1
DA:7,1
DA:9,1
LF:5
LH:5
BRF:0
BRH:0
end_of_record
TN:
SF:routes/userProfile.js
FNF:0
FNH:0
DA:1,1
DA:2,1
DA:4,1
DA:7,1
DA:10,1
DA:12,1
LF:6
LH:6
BRF:0
BRH:0
end_of_record
TN:
SF:validators/userProfileValidator.js
FN:3,validateUserProfile
FN:12,(anonymous_1)
FN:23,(anonymous_2)
FNF:3
FNH:3
FNDA:11,validateUserProfile
FNDA:77,(anonymous_1)
FNDA:4,(anonymous_2)
DA:4,11
DA:5,11
DA:9,11
DA:12,11
DA:13,77
DA:14,3
DA:16,74
DA:21,11
DA:22,7
DA:23,4
DA:24,0
DA:26,4
DA:30,11
DA:31,7
DA:33,4
DA:37,11
DA:38,2
DA:42,11
DA:43,2
DA:47,11
DA:48,11
DA:49,2
DA:53,11
DA:54,2
DA:58,11
DA:59,11
DA:60,11
DA:61,11
DA:62,11
DA:63,11
DA:64,11
DA:65,11
DA:66,11
DA:67,11
DA:68,11
DA:69,11
DA:70,11
DA:72,11
DA:73,9
DA:75,2
DA:78,2
LF:41
LH:40
BRDA:13,0,0,3
BRDA:13,0,1,74
BRDA:13,1,0,77
BRDA:13,1,1,74
BRDA:13,1,2,74
BRDA:21,2,0,7
BRDA:21,2,1,4
BRDA:21,3,0,11
BRDA:21,3,1,5
BRDA:23,4,0,0
BRDA:23,4,1,4
BRDA:23,5,0,4
BRDA:23,5,1,4
BRDA:30,6,0,7
BRDA:30,6,1,4
BRDA:30,7,0,11
BRDA:30,7,1,5
BRDA:37,8,0,2
BRDA:37,8,1,9
BRDA:37,9,0,11
BRDA:37,9,1,11
BRDA:42,10,0,2
BRDA:42,10,1,9
BRDA:42,11,0,11
BRDA:42,11,1,11
BRDA:48,12,0,2
BRDA:48,12,1,9
BRDA:48,13,0,11
BRDA:48,13,1,11
BRDA:53,14,0,2
BRDA:53,14,1,9
BRDA:53,15,0,11
BRDA:53,15,1,11
BRDA:58,16,0,0
BRDA:58,16,1,11
BRDA:59,17,0,11
BRDA:59,17,1,11
BRDA:60,18,0,11
BRDA:60,18,1,11
BRDA:61,19,0,11
BRDA:61,19,1,11
BRDA:62,20,0,11
BRDA:62,20,1,11
BRDA:63,21,0,0
BRDA:63,21,1,11
BRDA:64,22,0,5
BRDA:64,22,1,6
BRDA:65,23,0,0
BRDA:65,23,1,11
BRDA:66,24,0,5
BRDA:66,24,1,6
BRDA:67,25,0,11
BRDA:67,25,1,11
BRDA:68,26,0,2
BRDA:68,26,1,9
BRDA:69,27,0,11
BRDA:69,27,1,11
BRDA:70,28,0,11
BRDA:70,28,1,11
BRDA:72,29,0,9
BRDA:72,29,1,2
BRF:61
BRH:57
end_of_record
