{"C:\\Users\\bahar\\group11project\\backend\\routes\\historyRoutes.js": {"path":"C:\\Users\\bahar\\group11project\\backend\\routes\\historyRoutes.js","statementMap":{"0":{"start":{"line":1,"column":16},"end":{"line":1,"column":34}},"1":{"start":{"line":2,"column":26},"end":{"line":2,"column":68}},"2":{"start":{"line":9,"column":4},"end":{"line":9,"column":21}},"3":{"start":{"line":11,"column":15},"end":{"line":11,"column":31}},"4":{"start":{"line":13,"column":12},"end":{"line":13,"column":35}},"5":{"start":{"line":15,"column":0},"end":{"line":73,"column":3}},"6":{"start":{"line":17,"column":2},"end":{"line":21,"column":5}},"7":{"start":{"line":22,"column":2},"end":{"line":22,"column":18}},"8":{"start":{"line":24,"column":2},"end":{"line":24,"column":29}},"9":{"start":{"line":26,"column":2},"end":{"line":26,"column":31}},"10":{"start":{"line":27,"column":2},"end":{"line":27,"column":41}},"11":{"start":{"line":29,"column":13},"end":{"line":29,"column":23}},"12":{"start":{"line":30,"column":17},"end":{"line":30,"column":28}},"13":{"start":{"line":33,"column":2},"end":{"line":38,"column":3}},"14":{"start":{"line":35,"column":4},"end":{"line":35,"column":34}},"15":{"start":{"line":36,"column":4},"end":{"line":36,"column":14}},"16":{"start":{"line":37,"column":4},"end":{"line":37,"column":11}},"17":{"start":{"line":70,"column":2},"end":{"line":72,"column":5}},"18":{"start":{"line":71,"column":4},"end":{"line":71,"column":31}},"19":{"start":{"line":76,"column":2},"end":{"line":83,"column":5}},"20":{"start":{"line":77,"column":4},"end":{"line":82,"column":5}},"21":{"start":{"line":78,"column":19},"end":{"line":78,"column":41}},"22":{"start":{"line":79,"column":6},"end":{"line":79,"column":52}},"23":{"start":{"line":81,"column":6},"end":{"line":81,"column":76}},"24":{"start":{"line":86,"column":2},"end":{"line":91,"column":3}},"25":{"start":{"line":87,"column":4},"end":{"line":87,"column":74}},"26":{"start":{"line":90,"column":4},"end":{"line":90,"column":119}},"27":{"start":{"line":90,"column":45},"end":{"line":90,"column":117}},"28":{"start":{"line":94,"column":0},"end":{"line":94,"column":37}},"29":{"start":{"line":96,"column":0},"end":{"line":96,"column":64}},"30":{"start":{"line":98,"column":0},"end":{"line":98,"column":40}},"31":{"start":{"line":101,"column":0},"end":{"line":101,"column":42}},"32":{"start":{"line":104,"column":0},"end":{"line":104,"column":45}},"33":{"start":{"line":106,"column":0},"end":{"line":106,"column":24}},"34":{"start":{"line":109,"column":0},"end":{"line":109,"column":41}},"35":{"start":{"line":114,"column":2},"end":{"line":114,"column":14}},"36":{"start":{"line":118,"column":2},"end":{"line":118,"column":13}},"37":{"start":{"line":122,"column":0},"end":{"line":122,"column":22}},"38":{"start":{"line":123,"column":0},"end":{"line":123,"column":30}}},"fnMap":{"0":{"name":"(anonymous_0)","decl":{"start":{"line":15,"column":22},"end":{"line":15,"column":23}},"loc":{"start":{"line":15,"column":36},"end":{"line":73,"column":1}},"line":15},"1":{"name":"(anonymous_1)","decl":{"start":{"line":70,"column":18},"end":{"line":70,"column":19}},"loc":{"start":{"line":70,"column":24},"end":{"line":72,"column":3}},"line":70},"2":{"name":"(anonymous_2)","decl":{"start":{"line":76,"column":38},"end":{"line":76,"column":39}},"loc":{"start":{"line":76,"column":52},"end":{"line":83,"column":3}},"line":76},"3":{"name":"(anonymous_3)","decl":{"start":{"line":90,"column":31},"end":{"line":90,"column":32}},"loc":{"start":{"line":90,"column":45},"end":{"line":90,"column":117}},"line":90},"4":{"name":"_historyRoutes_noop","decl":{"start":{"line":113,"column":9},"end":{"line":113,"column":28}},"loc":{"start":{"line":113,"column":31},"end":{"line":115,"column":1}},"line":113},"5":{"name":"_historyRoutes_identity","decl":{"start":{"line":117,"column":9},"end":{"line":117,"column":32}},"loc":{"start":{"line":117,"column":38},"end":{"line":119,"column":1}},"line":117}},"branchMap":{"0":{"loc":{"start":{"line":27,"column":2},"end":{"line":27,"column":40}},"type":"binary-expr","locations":[{"start":{"line":27,"column":2},"end":{"line":27,"column":18}},{"start":{"line":27,"column":22},"end":{"line":27,"column":40}}],"line":27},"1":{"loc":{"start":{"line":33,"column":2},"end":{"line":38,"column":3}},"type":"if","locations":[{"start":{"line":33,"column":2},"end":{"line":38,"column":3}},{"start":{},"end":{}}],"line":33},"2":{"loc":{"start":{"line":86,"column":2},"end":{"line":91,"column":3}},"type":"if","locations":[{"start":{"line":86,"column":2},"end":{"line":91,"column":3}},{"start":{"line":88,"column":9},"end":{"line":91,"column":3}}],"line":86}},"s":{"0":25,"1":25,"2":25,"3":25,"4":25,"5":25,"6":2,"7":2,"8":2,"9":2,"10":2,"11":2,"12":2,"13":2,"14":1,"15":1,"16":1,"17":0,"18":0,"19":25,"20":2,"21":2,"22":1,"23":1,"24":25,"25":2,"26":23,"27":1,"28":25,"29":25,"30":25,"31":25,"32":25,"33":25,"34":25,"35":25,"36":25,"37":25,"38":25},"f":{"0":2,"1":0,"2":2,"3":1,"4":25,"5":25},"b":{"0":[2,2],"1":[1,1],"2":[2,23]},"_coverageSchema":"1a1c01bbd47fc00a2c39e90264f33305004495a9","hash":"88439ee8c3faf6680f1852d91765a89b334d6907"}
}
