TN:
SF:backend\routes\historyRoutes.js
FN:15,(anonymous_0)
FN:70,(anonymous_1)
FN:76,(anonymous_2)
FN:90,(anonymous_3)
FN:113,_historyRoutes_noop
FN:117,_historyRoutes_identity
FNF:6
FNH:5
FNDA:2,(anonymous_0)
FNDA:0,(anonymous_1)
FNDA:2,(anonymous_2)
FNDA:1,(anonymous_3)
FNDA:25,_historyRoutes_noop
FNDA:25,_historyRoutes_identity
DA:1,25
DA:2,25
DA:9,25
DA:11,25
DA:13,25
DA:15,25
DA:17,2
DA:22,2
DA:24,2
DA:26,2
DA:27,2
DA:29,2
DA:30,2
DA:33,2
DA:35,1
DA:36,1
DA:37,1
DA:70,0
DA:71,0
DA:76,25
DA:77,2
DA:78,2
DA:79,1
DA:81,1
DA:86,25
DA:87,2
DA:90,23
DA:94,25
DA:96,25
DA:98,25
DA:101,25
DA:104,25
DA:106,25
DA:109,25
DA:114,25
DA:118,25
DA:122,25
DA:123,25
LF:38
LH:36
BRDA:27,0,0,2
BRDA:27,0,1,2
BRDA:33,1,0,1
BRDA:33,1,1,1
BRDA:86,2,0,2
BRDA:86,2,1,23
BRF:6
BRH:6
end_of_record
